{"level":"\u001b[32minfo\u001b[39m","message":"{\"method\":\"GET\",\"url\":\"/user/vendors\",\"status\":\"304\",\"responseTime\":\"156.718\"}","timestamp":"2024-10-06T13:44:42.130Z"}
{"level":"\u001b[32minfo\u001b[39m","message":"{\"method\":\"GET\",\"url\":\"/user/vendors\",\"status\":\"304\",\"responseTime\":\"108.560\"}","timestamp":"2024-10-06T13:44:42.246Z"}
{"level":"\u001b[32minfo\u001b[39m","message":"{\"method\":\"GET\",\"url\":\"/user/vendors\",\"status\":\"304\",\"responseTime\":\"95.742\"}","timestamp":"2024-10-06T13:45:55.720Z"}
{"level":"\u001b[32minfo\u001b[39m","message":"{\"method\":\"GET\",\"url\":\"/user/vendors\",\"status\":\"304\",\"responseTime\":\"92.676\"}","timestamp":"2024-10-06T13:45:55.816Z"}
{"level":"\u001b[32minfo\u001b[39m","message":"{\"method\":\"GET\",\"url\":\"/user/vendors\",\"status\":\"304\",\"responseTime\":\"111.518\"}","timestamp":"2024-10-06T13:46:05.900Z"}
{"level":"\u001b[32minfo\u001b[39m","message":"{\"method\":\"GET\",\"url\":\"/user/vendors\",\"status\":\"304\",\"responseTime\":\"91.625\"}","timestamp":"2024-10-06T13:46:05.997Z"}
{"level":"\u001b[32minfo\u001b[39m","message":"{\"method\":\"GET\",\"url\":\"/user/fetchVendorDetails?vendorId=66e3f158ebbcf3a47b4e768e&userId=66e8faf93f0f85665af00be9\",\"status\":\"200\",\"responseTime\":\"197.350\"}","timestamp":"2024-10-06T13:46:08.262Z"}
{"level":"\u001b[32minfo\u001b[39m","message":"{\"method\":\"GET\",\"url\":\"/vendor/unread-count\",\"status\":\"401\",\"responseTime\":\"7.374\"}","timestamp":"2024-10-06T17:55:57.413Z"}
{"level":"\u001b[32minfo\u001b[39m","message":"{\"method\":\"GET\",\"url\":\"/vendor/unread-count\",\"status\":\"401\",\"responseTime\":\"5.428\"}","timestamp":"2024-10-06T17:55:57.426Z"}
{"level":"\u001b[32minfo\u001b[39m","message":"{\"method\":\"POST\",\"url\":\"/vendor/login\",\"status\":\"200\",\"responseTime\":\"324.842\"}","timestamp":"2024-10-06T17:56:06.184Z"}
{"level":"\u001b[32minfo\u001b[39m","message":"{\"method\":\"GET\",\"url\":\"/vendor/fetchDetailsVendor/66e3f158ebbcf3a47b4e768e\",\"status\":\"304\",\"responseTime\":\"255.935\"}","timestamp":"2024-10-06T17:56:08.699Z"}
{"level":"\u001b[32minfo\u001b[39m","message":"{\"method\":\"GET\",\"url\":\"/vendor/fetchDetailsVendor/66e3f158ebbcf3a47b4e768e\",\"status\":\"304\",\"responseTime\":\"154.349\"}","timestamp":"2024-10-06T17:56:08.878Z"}
{"level":"\u001b[32minfo\u001b[39m","message":"{\"method\":\"GET\",\"url\":\"/vendor/unread-count\",\"status\":\"200\",\"responseTime\":\"456.208\"}","timestamp":"2024-10-06T17:56:08.883Z"}
{"level":"\u001b[32minfo\u001b[39m","message":"{\"method\":\"GET\",\"url\":\"/vendor/fetchAuditoriumDetails/66e3f158ebbcf3a47b4e768e\",\"status\":\"304\",\"responseTime\":\"176.423\"}","timestamp":"2024-10-06T17:56:08.907Z"}
{"level":"\u001b[32minfo\u001b[39m","message":"{\"method\":\"GET\",\"url\":\"/vendor/fetchAuditoriumDetails/66e3f158ebbcf3a47b4e768e\",\"status\":\"304\",\"responseTime\":\"109.902\"}","timestamp":"2024-10-06T17:56:09.022Z"}
{"level":"\u001b[32minfo\u001b[39m","message":"{\"method\":\"GET\",\"url\":\"/vendor/fetchFoodDetails/66e3f158ebbcf3a47b4e768e\",\"status\":\"304\",\"responseTime\":\"149.277\"}","timestamp":"2024-10-06T17:56:09.075Z"}
{"level":"\u001b[32minfo\u001b[39m","message":"{\"method\":\"GET\",\"url\":\"/vendor/fetchFoodDetails/66e3f158ebbcf3a47b4e768e\",\"status\":\"304\",\"responseTime\":\"131.847\"}","timestamp":"2024-10-06T17:56:09.215Z"}
{"level":"\u001b[32minfo\u001b[39m","message":"{\"method\":\"GET\",\"url\":\"/vendor/unread-count\",\"status\":\"304\",\"responseTime\":\"302.133\"}","timestamp":"2024-10-06T17:56:09.218Z"}
{"level":"\u001b[32minfo\u001b[39m","message":"{\"method\":\"GET\",\"url\":\"/vendor/unread-count\",\"status\":\"304\",\"responseTime\":\"250.818\"}","timestamp":"2024-10-06T17:56:14.084Z"}
{"level":"\u001b[32minfo\u001b[39m","message":"{\"method\":\"GET\",\"url\":\"/vendor/unread-count\",\"status\":\"304\",\"responseTime\":\"176.198\"}","timestamp":"2024-10-06T17:56:14.262Z"}
{"level":"\u001b[32minfo\u001b[39m","message":"{\"method\":\"POST\",\"url\":\"/vendor/addDishes\",\"status\":\"200\",\"responseTime\":\"5426.497\"}","timestamp":"2024-10-06T17:57:21.451Z"}
{"level":"\u001b[32minfo\u001b[39m","message":"{\"method\":\"POST\",\"url\":\"/vendor/addDishes\",\"status\":\"200\",\"responseTime\":\"2847.089\"}","timestamp":"2024-10-06T17:57:23.438Z"}
{"level":"\u001b[32minfo\u001b[39m","message":"{\"method\":\"GET\",\"url\":\"/vendor/fetchDetailsVendor/66e3f158ebbcf3a47b4e768e\",\"status\":\"304\",\"responseTime\":\"88.124\"}","timestamp":"2024-10-06T17:57:25.069Z"}
{"level":"\u001b[32minfo\u001b[39m","message":"{\"method\":\"GET\",\"url\":\"/vendor/fetchDetailsVendor/66e3f158ebbcf3a47b4e768e\",\"status\":\"304\",\"responseTime\":\"90.885\"}","timestamp":"2024-10-06T17:57:25.162Z"}
{"level":"\u001b[32minfo\u001b[39m","message":"{\"method\":\"GET\",\"url\":\"/vendor/unread-count\",\"status\":\"304\",\"responseTime\":\"189.793\"}","timestamp":"2024-10-06T17:57:25.164Z"}
{"level":"\u001b[32minfo\u001b[39m","message":"{\"method\":\"GET\",\"url\":\"/vendor/fetchAuditoriumDetails/66e3f158ebbcf3a47b4e768e\",\"status\":\"304\",\"responseTime\":\"146.938\"}","timestamp":"2024-10-06T17:57:25.222Z"}
{"level":"\u001b[32minfo\u001b[39m","message":"{\"method\":\"GET\",\"url\":\"/vendor/fetchFoodDetails/66e3f158ebbcf3a47b4e768e\",\"status\":\"200\",\"responseTime\":\"210.688\"}","timestamp":"2024-10-06T17:57:25.439Z"}
{"level":"\u001b[32minfo\u001b[39m","message":"{\"method\":\"GET\",\"url\":\"/vendor/fetchAuditoriumDetails/66e3f158ebbcf3a47b4e768e\",\"status\":\"304\",\"responseTime\":\"230.220\"}","timestamp":"2024-10-06T17:57:25.454Z"}
{"level":"\u001b[32minfo\u001b[39m","message":"{\"method\":\"GET\",\"url\":\"/vendor/unread-count\",\"status\":\"304\",\"responseTime\":\"585.737\"}","timestamp":"2024-10-06T17:57:25.751Z"}
{"level":"\u001b[32minfo\u001b[39m","message":"{\"method\":\"GET\",\"url\":\"/vendor/fetchFoodDetails/66e3f158ebbcf3a47b4e768e\",\"status\":\"304\",\"responseTime\":\"345.208\"}","timestamp":"2024-10-06T17:57:25.811Z"}
{"level":"\u001b[32minfo\u001b[39m","message":"{\"method\":\"PATCH\",\"url\":\"/vendor/dishes/6702cf8315a82fb6654b6ca3\",\"status\":\"200\",\"responseTime\":\"243.093\"}","timestamp":"2024-10-06T17:57:30.888Z"}
{"level":"\u001b[32minfo\u001b[39m","message":"{\"method\":\"GET\",\"url\":\"/vendor/fetchFoodDetails/66e3f158ebbcf3a47b4e768e\",\"status\":\"200\",\"responseTime\":\"169.436\"}","timestamp":"2024-10-06T17:57:31.063Z"}
