{"level":"info","message":"{\"method\":\"GET\",\"url\":\"/user/vendors\",\"status\":\"200\",\"responseTime\":\"290.183\"}","timestamp":"2024-11-02T04:54:58.014Z"}
{"level":"info","message":"{\"method\":\"GET\",\"url\":\"/user/vendors\",\"status\":\"200\",\"responseTime\":\"43.340\"}","timestamp":"2024-11-02T04:55:11.155Z"}
{"level":"info","message":"{\"method\":\"POST\",\"url\":\"/user/login\",\"status\":\"200\",\"responseTime\":\"275.230\"}","timestamp":"2024-11-02T04:55:20.575Z"}
{"level":"info","message":"{\"method\":\"GET\",\"url\":\"/user/vendors\",\"status\":\"304\",\"responseTime\":\"108.495\"}","timestamp":"2024-11-02T04:55:22.133Z"}
{"level":"info","message":"{\"method\":\"GET\",\"url\":\"/user/vendors\",\"status\":\"304\",\"responseTime\":\"42.030\"}","timestamp":"2024-11-02T04:55:27.792Z"}
{"level":"info","message":"{\"method\":\"GET\",\"url\":\"/user/vendors\",\"status\":\"304\",\"responseTime\":\"41.518\"}","timestamp":"2024-11-02T04:55:27.841Z"}
{"level":"info","message":"{\"method\":\"GET\",\"url\":\"/user/fetchReview?vendorId=66e3f158ebbcf3a47b4e768e&userId=67169bd88848b78cf8031e7c\",\"status\":\"200\",\"responseTime\":\"285.061\"}","timestamp":"2024-11-02T04:55:45.570Z"}
{"level":"info","message":"{\"method\":\"GET\",\"url\":\"/user/fetchVendorDetails?vendorId=66e3f158ebbcf3a47b4e768e&userId=67169bd88848b78cf8031e7c\",\"status\":\"200\",\"responseTime\":\"336.336\"}","timestamp":"2024-11-02T04:55:45.607Z"}
{"level":"info","message":"{\"method\":\"GET\",\"url\":\"/user/slots/66e3f158ebbcf3a47b4e768e\",\"status\":\"200\",\"responseTime\":\"214.427\"}","timestamp":"2024-11-02T04:56:04.663Z"}
{"level":"info","message":"{\"method\":\"GET\",\"url\":\"/user/slots/66e3f158ebbcf3a47b4e768e\",\"status\":\"304\",\"responseTime\":\"282.257\"}","timestamp":"2024-11-02T04:56:15.370Z"}
{"level":"info","message":"{\"method\":\"GET\",\"url\":\"/user/vendors\",\"status\":\"304\",\"responseTime\":\"341.108\"}","timestamp":"2024-11-02T04:56:40.314Z"}
{"level":"info","message":"{\"method\":\"GET\",\"url\":\"/user/vendors\",\"status\":\"304\",\"responseTime\":\"336.566\"}","timestamp":"2024-11-02T04:56:40.654Z"}
{"level":"info","message":"{\"method\":\"GET\",\"url\":\"/user/vendors\",\"status\":\"304\",\"responseTime\":\"183.125\"}","timestamp":"2024-11-02T04:56:43.845Z"}
{"level":"info","message":"{\"method\":\"GET\",\"url\":\"/user/vendors\",\"status\":\"304\",\"responseTime\":\"137.705\"}","timestamp":"2024-11-02T04:56:43.987Z"}
{"level":"info","message":"{\"method\":\"GET\",\"url\":\"/user/fetchReview?vendorId=66e3f158ebbcf3a47b4e768e&userId=67169bd88848b78cf8031e7c\",\"status\":\"304\",\"responseTime\":\"136.937\"}","timestamp":"2024-11-02T05:00:25.219Z"}
{"level":"info","message":"{\"method\":\"GET\",\"url\":\"/user/fetchVendorDetails?vendorId=66e3f158ebbcf3a47b4e768e&userId=67169bd88848b78cf8031e7c\",\"status\":\"304\",\"responseTime\":\"302.425\"}","timestamp":"2024-11-02T05:00:25.350Z"}
{"level":"info","message":"{\"method\":\"GET\",\"url\":\"/chat/message/67169c408848b78cf8031e8f\",\"status\":\"200\",\"responseTime\":\"1340.649\"}","timestamp":"2024-11-02T05:00:36.412Z"}
{"level":"info","message":"{\"method\":\"GET\",\"url\":\"/chat/message/67169c408848b78cf8031e8f\",\"status\":\"200\",\"responseTime\":\"1068.000\"}","timestamp":"2024-11-02T05:00:37.488Z"}
{"level":"info","message":"{\"method\":\"POST\",\"url\":\"/chat/savechat\",\"status\":\"200\",\"responseTime\":\"693.931\"}","timestamp":"2024-11-02T05:00:39.257Z"}
{"level":"info","message":"{\"method\":\"GET\",\"url\":\"/user/fetchReview?vendorId=66e3f158ebbcf3a47b4e768e&userId=67169bd88848b78cf8031e7c\",\"status\":\"304\",\"responseTime\":\"70.239\"}","timestamp":"2024-11-02T05:00:45.928Z"}
{"level":"info","message":"{\"method\":\"GET\",\"url\":\"/user/fetchVendorDetails?vendorId=66e3f158ebbcf3a47b4e768e&userId=67169bd88848b78cf8031e7c\",\"status\":\"304\",\"responseTime\":\"504.761\"}","timestamp":"2024-11-02T05:00:46.367Z"}
