{"level":"info","message":"{\"method\":\"GET\",\"url\":\"/user/vendors\",\"status\":\"304\",\"responseTime\":\"145.732\"}","timestamp":"2024-10-31T13:09:42.632Z"}
{"level":"info","message":"{\"method\":\"GET\",\"url\":\"/user/vendors\",\"status\":\"304\",\"responseTime\":\"82.379\"}","timestamp":"2024-10-31T13:13:25.743Z"}
{"level":"info","message":"{\"method\":\"GET\",\"url\":\"/user/vendors\",\"status\":\"304\",\"responseTime\":\"86.763\"}","timestamp":"2024-10-31T13:15:01.403Z"}
{"level":"info","message":"{\"method\":\"GET\",\"url\":\"/user/vendors\",\"status\":\"304\",\"responseTime\":\"75.262\"}","timestamp":"2024-10-31T13:15:01.482Z"}
{"level":"info","message":"{\"method\":\"POST\",\"url\":\"/user/login\",\"status\":\"200\",\"responseTime\":\"262.034\"}","timestamp":"2024-10-31T13:15:12.121Z"}
{"level":"info","message":"{\"method\":\"GET\",\"url\":\"/user/vendors\",\"status\":\"304\",\"responseTime\":\"64.885\"}","timestamp":"2024-10-31T13:15:13.089Z"}
{"level":"info","message":"{\"method\":\"GET\",\"url\":\"/user/vendors\",\"status\":\"304\",\"responseTime\":\"97.209\"}","timestamp":"2024-10-31T13:16:59.812Z"}
{"level":"info","message":"{\"method\":\"GET\",\"url\":\"/user/vendors\",\"status\":\"304\",\"responseTime\":\"108.807\"}","timestamp":"2024-10-31T13:23:20.202Z"}
{"level":"info","message":"{\"method\":\"GET\",\"url\":\"/user/vendors\",\"status\":\"304\",\"responseTime\":\"76.400\"}","timestamp":"2024-10-31T13:23:20.285Z"}
{"level":"info","message":"{\"method\":\"GET\",\"url\":\"/user/vendors\",\"status\":\"304\",\"responseTime\":\"156.279\"}","timestamp":"2024-10-31T13:23:31.848Z"}
{"level":"info","message":"{\"method\":\"GET\",\"url\":\"/user/vendors\",\"status\":\"304\",\"responseTime\":\"88.280\"}","timestamp":"2024-10-31T13:23:31.940Z"}
{"level":"info","message":"{\"method\":\"GET\",\"url\":\"/user/vendors\",\"status\":\"304\",\"responseTime\":\"54.053\"}","timestamp":"2024-10-31T13:23:35.246Z"}
{"level":"info","message":"{\"method\":\"GET\",\"url\":\"/user/vendors\",\"status\":\"304\",\"responseTime\":\"73.185\"}","timestamp":"2024-10-31T13:23:35.322Z"}
{"level":"info","message":"{\"method\":\"GET\",\"url\":\"/user/fetchReview?vendorId=66e3f158ebbcf3a47b4e768e&userId=67169bd88848b78cf8031e7c\",\"status\":\"304\",\"responseTime\":\"259.585\"}","timestamp":"2024-10-31T13:23:58.802Z"}
{"level":"info","message":"{\"method\":\"GET\",\"url\":\"/user/fetchVendorDetails?vendorId=66e3f158ebbcf3a47b4e768e&userId=67169bd88848b78cf8031e7c\",\"status\":\"304\",\"responseTime\":\"317.871\"}","timestamp":"2024-10-31T13:23:58.840Z"}
{"level":"info","message":"{\"method\":\"GET\",\"url\":\"/user/slots/66e3f158ebbcf3a47b4e768e\",\"status\":\"200\",\"responseTime\":\"124.427\"}","timestamp":"2024-10-31T13:24:08.267Z"}
{"level":"info","message":"{\"method\":\"POST\",\"url\":\"/user/payment\",\"status\":\"200\",\"responseTime\":\"1695.151\"}","timestamp":"2024-10-31T13:24:35.286Z"}
{"level":"info","message":"{\"method\":\"POST\",\"url\":\"/user/payment\",\"status\":\"200\",\"responseTime\":\"1614.614\"}","timestamp":"2024-10-31T13:24:35.304Z"}
{"level":"info","message":"{\"method\":\"POST\",\"url\":\"/user/login\",\"status\":\"200\",\"responseTime\":\"3752.665\"}","timestamp":"2024-10-31T14:42:41.338Z"}
{"level":"info","message":"{\"method\":\"POST\",\"url\":\"/user/login\",\"status\":\"-\",\"responseTime\":\"-\"}","timestamp":"2024-10-31T14:42:41.698Z"}
{"level":"info","message":"{\"method\":\"GET\",\"url\":\"/user/vendors\",\"status\":\"304\",\"responseTime\":\"106.664\"}","timestamp":"2024-10-31T14:42:42.525Z"}
{"level":"info","message":"{\"method\":\"GET\",\"url\":\"/user/vendors\",\"status\":\"200\",\"responseTime\":\"85.783\"}","timestamp":"2024-10-31T14:47:40.513Z"}
{"level":"info","message":"{\"method\":\"GET\",\"url\":\"/user/vendors\",\"status\":\"304\",\"responseTime\":\"189.742\"}","timestamp":"2024-10-31T15:05:09.318Z"}
{"level":"info","message":"{\"method\":\"GET\",\"url\":\"/user/vendors\",\"status\":\"200\",\"responseTime\":\"212.126\"}","timestamp":"2024-10-31T15:15:50.379Z"}
{"level":"info","message":"{\"method\":\"GET\",\"url\":\"/user/vendors\",\"status\":\"200\",\"responseTime\":\"2297.148\"}","timestamp":"2024-10-31T15:16:23.909Z"}
{"level":"info","message":"{\"method\":\"GET\",\"url\":\"/user/vendors\",\"status\":\"200\",\"responseTime\":\"1518.570\"}","timestamp":"2024-10-31T15:16:25.864Z"}
{"level":"info","message":"{\"method\":\"GET\",\"url\":\"/user/vendors\",\"status\":\"200\",\"responseTime\":\"694.092\"}","timestamp":"2024-10-31T15:21:37.004Z"}
{"level":"info","message":"{\"method\":\"GET\",\"url\":\"/user/vendors\",\"status\":\"200\",\"responseTime\":\"120.906\"}","timestamp":"2024-10-31T15:21:44.665Z"}
{"level":"info","message":"{\"method\":\"GET\",\"url\":\"/user/vendors\",\"status\":\"200\",\"responseTime\":\"94.144\"}","timestamp":"2024-10-31T15:27:15.418Z"}
