{"level":"info","message":"{\"method\":\"GET\",\"url\":\"/vendor/unread-count\",\"status\":\"401\",\"responseTime\":\"52.877\"}","timestamp":"2024-10-25T06:48:18.858Z"}
{"level":"info","message":"{\"method\":\"GET\",\"url\":\"/vendor/unread-count\",\"status\":\"401\",\"responseTime\":\"3.368\"}","timestamp":"2024-10-25T06:48:19.027Z"}
{"level":"info","message":"{\"method\":\"GET\",\"url\":\"/user/vendors\",\"status\":\"304\",\"responseTime\":\"573.895\"}","timestamp":"2024-10-25T06:48:19.505Z"}
{"level":"info","message":"{\"method\":\"GET\",\"url\":\"/user/vendors\",\"status\":\"304\",\"responseTime\":\"37.025\"}","timestamp":"2024-10-25T06:48:19.546Z"}
{"level":"info","message":"{\"method\":\"POST\",\"url\":\"/user/login\",\"status\":\"200\",\"responseTime\":\"360.637\"}","timestamp":"2024-10-25T06:52:09.201Z"}
{"level":"info","message":"{\"method\":\"GET\",\"url\":\"/vendor/unread-count\",\"status\":\"401\",\"responseTime\":\"2.317\"}","timestamp":"2024-10-25T06:52:10.695Z"}
{"level":"info","message":"{\"method\":\"GET\",\"url\":\"/vendor/unread-count\",\"status\":\"401\",\"responseTime\":\"1.148\"}","timestamp":"2024-10-25T06:52:10.699Z"}
{"level":"info","message":"{\"method\":\"GET\",\"url\":\"/user/vendors\",\"status\":\"304\",\"responseTime\":\"104.360\"}","timestamp":"2024-10-25T06:52:10.809Z"}
{"level":"info","message":"{\"method\":\"GET\",\"url\":\"/user/vendors\",\"status\":\"304\",\"responseTime\":\"48.642\"}","timestamp":"2024-10-25T06:52:10.867Z"}
{"level":"info","message":"{\"method\":\"GET\",\"url\":\"/vendor/unread-count\",\"status\":\"401\",\"responseTime\":\"1.760\"}","timestamp":"2024-10-25T06:55:35.840Z"}
{"level":"info","message":"{\"method\":\"GET\",\"url\":\"/vendor/unread-count\",\"status\":\"401\",\"responseTime\":\"3.210\"}","timestamp":"2024-10-25T06:55:35.849Z"}
{"level":"info","message":"{\"method\":\"GET\",\"url\":\"/user/vendors\",\"status\":\"304\",\"responseTime\":\"342.051\"}","timestamp":"2024-10-25T06:56:24.415Z"}
{"level":"info","message":"{\"method\":\"GET\",\"url\":\"/user/vendors\",\"status\":\"304\",\"responseTime\":\"218.494\"}","timestamp":"2024-10-25T06:56:24.635Z"}
{"level":"info","message":"{\"method\":\"GET\",\"url\":\"/vendor/unread-count\",\"status\":\"401\",\"responseTime\":\"1.511\"}","timestamp":"2024-10-25T06:57:38.526Z"}
{"level":"info","message":"{\"method\":\"GET\",\"url\":\"/vendor/unread-count\",\"status\":\"401\",\"responseTime\":\"1.213\"}","timestamp":"2024-10-25T06:57:38.530Z"}
{"level":"info","message":"{\"method\":\"GET\",\"url\":\"/user/vendors\",\"status\":\"304\",\"responseTime\":\"60.700\"}","timestamp":"2024-10-25T06:57:38.597Z"}
{"level":"info","message":"{\"method\":\"GET\",\"url\":\"/user/vendors\",\"status\":\"304\",\"responseTime\":\"87.373\"}","timestamp":"2024-10-25T06:57:38.690Z"}
{"level":"info","message":"{\"method\":\"GET\",\"url\":\"/vendor/unread-count\",\"status\":\"401\",\"responseTime\":\"1.324\"}","timestamp":"2024-10-25T06:58:23.425Z"}
{"level":"info","message":"{\"method\":\"GET\",\"url\":\"/vendor/unread-count\",\"status\":\"401\",\"responseTime\":\"1.272\"}","timestamp":"2024-10-25T06:58:23.429Z"}
{"level":"info","message":"{\"method\":\"GET\",\"url\":\"/user/fetchReview?vendorId=66e3f158ebbcf3a47b4e768e&userId=67169bd88848b78cf8031e7c\",\"status\":\"304\",\"responseTime\":\"64.558\"}","timestamp":"2024-10-25T06:58:23.501Z"}
{"level":"info","message":"{\"method\":\"GET\",\"url\":\"/user/fetchVendorDetails?vendorId=66e3f158ebbcf3a47b4e768e&userId=67169bd88848b78cf8031e7c\",\"status\":\"200\",\"responseTime\":\"1189.979\"}","timestamp":"2024-10-25T06:58:24.656Z"}
{"level":"info","message":"{\"method\":\"GET\",\"url\":\"/chat/message/67169c408848b78cf8031e8f\",\"status\":\"404\",\"responseTime\":\"430.499\"}","timestamp":"2024-10-25T07:00:56.901Z"}
{"level":"info","message":"{\"method\":\"GET\",\"url\":\"/chat/message/67169c408848b78cf8031e8f\",\"status\":\"404\",\"responseTime\":\"705.473\"}","timestamp":"2024-10-25T07:00:57.610Z"}
{"level":"info","message":"{\"method\":\"POST\",\"url\":\"/chat/savechat\",\"status\":\"200\",\"responseTime\":\"1480.285\"}","timestamp":"2024-10-25T07:01:01.709Z"}
{"level":"info","message":"{\"method\":\"GET\",\"url\":\"/vendor/unread-count\",\"status\":\"401\",\"responseTime\":\"1.114\"}","timestamp":"2024-10-25T07:01:04.589Z"}
{"level":"info","message":"{\"method\":\"GET\",\"url\":\"/vendor/unread-count\",\"status\":\"401\",\"responseTime\":\"0.893\"}","timestamp":"2024-10-25T07:01:04.605Z"}
{"level":"info","message":"{\"method\":\"GET\",\"url\":\"/user/fetchReview?vendorId=66e3f158ebbcf3a47b4e768e&userId=67169bd88848b78cf8031e7c\",\"status\":\"304\",\"responseTime\":\"331.453\"}","timestamp":"2024-10-25T07:01:04.929Z"}
{"level":"info","message":"{\"method\":\"GET\",\"url\":\"/user/fetchVendorDetails?vendorId=66e3f158ebbcf3a47b4e768e&userId=67169bd88848b78cf8031e7c\",\"status\":\"304\",\"responseTime\":\"376.935\"}","timestamp":"2024-10-25T07:01:04.969Z"}
{"level":"info","message":"{\"method\":\"GET\",\"url\":\"/user/userunread-count?userId=67169bd88848b78cf8031e7c\",\"status\":\"200\",\"responseTime\":\"85.769\"}","timestamp":"2024-10-25T07:01:13.114Z"}
{"level":"info","message":"{\"method\":\"GET\",\"url\":\"/chat/usercompany/67169bd88848b78cf8031e7c\",\"status\":\"200\",\"responseTime\":\"1681.601\"}","timestamp":"2024-10-25T07:12:01.202Z"}
{"level":"info","message":"{\"method\":\"GET\",\"url\":\"/chat/usercompany/67169bd88848b78cf8031e7c\",\"status\":\"304\",\"responseTime\":\"624.802\"}","timestamp":"2024-10-25T07:12:03.735Z"}
{"level":"info","message":"{\"method\":\"GET\",\"url\":\"/chat/message/67169c408848b78cf8031e8f\",\"status\":\"200\",\"responseTime\":\"1073.550\"}","timestamp":"2024-10-25T07:12:06.031Z"}
{"level":"info","message":"{\"method\":\"GET\",\"url\":\"/chat/message/671940abfd8fe49d6240d5f0\",\"status\":\"404\",\"responseTime\":\"204.449\"}","timestamp":"2024-10-25T07:12:06.556Z"}
{"level":"info","message":"{\"method\":\"GET\",\"url\":\"/vendor/unread-count\",\"status\":\"401\",\"responseTime\":\"67.872\"}","timestamp":"2024-10-25T09:16:49.559Z"}
{"level":"info","message":"{\"method\":\"GET\",\"url\":\"/vendor/unread-count\",\"status\":\"401\",\"responseTime\":\"1.273\"}","timestamp":"2024-10-25T09:16:49.814Z"}
{"level":"info","message":"{\"method\":\"GET\",\"url\":\"/user/vendors\",\"status\":\"304\",\"responseTime\":\"1188.795\"}","timestamp":"2024-10-25T09:16:50.792Z"}
{"level":"info","message":"{\"method\":\"GET\",\"url\":\"/user/vendors\",\"status\":\"304\",\"responseTime\":\"36.976\"}","timestamp":"2024-10-25T09:16:50.832Z"}
{"level":"info","message":"{\"method\":\"POST\",\"url\":\"/user/login\",\"status\":\"200\",\"responseTime\":\"634.636\"}","timestamp":"2024-10-25T09:17:29.096Z"}
{"level":"info","message":"{\"method\":\"GET\",\"url\":\"/vendor/unread-count\",\"status\":\"401\",\"responseTime\":\"2.613\"}","timestamp":"2024-10-25T09:17:30.391Z"}
{"level":"info","message":"{\"method\":\"GET\",\"url\":\"/vendor/unread-count\",\"status\":\"401\",\"responseTime\":\"1.019\"}","timestamp":"2024-10-25T09:17:30.396Z"}
{"level":"info","message":"{\"method\":\"GET\",\"url\":\"/user/vendors\",\"status\":\"304\",\"responseTime\":\"245.525\"}","timestamp":"2024-10-25T09:17:30.643Z"}
{"level":"info","message":"{\"method\":\"GET\",\"url\":\"/user/vendors\",\"status\":\"304\",\"responseTime\":\"45.777\"}","timestamp":"2024-10-25T09:17:30.693Z"}
{"level":"info","message":"{\"method\":\"GET\",\"url\":\"/vendor/unread-count\",\"status\":\"401\",\"responseTime\":\"1.370\"}","timestamp":"2024-10-25T09:17:33.771Z"}
{"level":"info","message":"{\"method\":\"GET\",\"url\":\"/vendor/unread-count\",\"status\":\"401\",\"responseTime\":\"1.923\"}","timestamp":"2024-10-25T09:17:33.785Z"}
{"level":"info","message":"{\"method\":\"GET\",\"url\":\"/user/vendors\",\"status\":\"304\",\"responseTime\":\"38.006\"}","timestamp":"2024-10-25T09:17:33.817Z"}
{"level":"info","message":"{\"method\":\"GET\",\"url\":\"/user/vendors\",\"status\":\"304\",\"responseTime\":\"37.681\"}","timestamp":"2024-10-25T09:17:33.864Z"}
{"level":"info","message":"{\"method\":\"GET\",\"url\":\"/vendor/unread-count\",\"status\":\"401\",\"responseTime\":\"5.630\"}","timestamp":"2024-10-25T09:17:41.472Z"}
{"level":"info","message":"{\"method\":\"GET\",\"url\":\"/vendor/unread-count\",\"status\":\"401\",\"responseTime\":\"0.975\"}","timestamp":"2024-10-25T09:17:41.480Z"}
{"level":"info","message":"{\"method\":\"GET\",\"url\":\"/user/fetchVendorDetails?vendorId=66e3f158ebbcf3a47b4e768e&userId=67169bd88848b78cf8031e7c\",\"status\":\"304\",\"responseTime\":\"216.425\"}","timestamp":"2024-10-25T09:17:41.701Z"}
{"level":"info","message":"{\"method\":\"GET\",\"url\":\"/user/fetchReview?vendorId=66e3f158ebbcf3a47b4e768e&userId=67169bd88848b78cf8031e7c\",\"status\":\"304\",\"responseTime\":\"1435.917\"}","timestamp":"2024-10-25T09:17:42.931Z"}
{"level":"info","message":"{\"method\":\"GET\",\"url\":\"/user/fetchFoodDetails/66e3f158ebbcf3a47b4e768e\",\"status\":\"304\",\"responseTime\":\"151.935\"}","timestamp":"2024-10-25T09:17:54.828Z"}
{"level":"info","message":"{\"method\":\"GET\",\"url\":\"/user/fetchFoodDetails/66e3f158ebbcf3a47b4e768e\",\"status\":\"304\",\"responseTime\":\"46.652\"}","timestamp":"2024-10-25T09:17:54.877Z"}
{"level":"info","message":"{\"method\":\"GET\",\"url\":\"/user/fetchdishes/670280b7fe40a3bcc3e43718\",\"status\":\"200\",\"responseTime\":\"3.241\"}","timestamp":"2024-10-25T09:17:59.178Z"}
{"level":"info","message":"{\"method\":\"GET\",\"url\":\"/user/fetchdishes/670280b7fe40a3bcc3e43718\",\"status\":\"200\",\"responseTime\":\"0.674\"}","timestamp":"2024-10-25T09:17:59.186Z"}
{"level":"info","message":"{\"method\":\"GET\",\"url\":\"/user/fetchdishes/670280b7fe40a3bcc3e43718\",\"status\":\"200\",\"responseTime\":\"0.595\"}","timestamp":"2024-10-25T09:18:02.495Z"}
{"level":"info","message":"{\"method\":\"GET\",\"url\":\"/user/fetchdishes/670280b7fe40a3bcc3e43718\",\"status\":\"200\",\"responseTime\":\"1.439\"}","timestamp":"2024-10-25T09:18:02.500Z"}
{"level":"info","message":"{\"method\":\"GET\",\"url\":\"/user/fetchdishes/670280b7fe40a3bcc3e43718\",\"status\":\"200\",\"responseTime\":\"0.661\"}","timestamp":"2024-10-25T09:18:17.803Z"}
{"level":"info","message":"{\"method\":\"GET\",\"url\":\"/user/fetchdishes/670280b7fe40a3bcc3e43718\",\"status\":\"200\",\"responseTime\":\"0.552\"}","timestamp":"2024-10-25T09:18:17.809Z"}
{"level":"info","message":"{\"method\":\"GET\",\"url\":\"/user/fetchdishes/670280b7fe40a3bcc3e43718\",\"status\":\"200\",\"responseTime\":\"0.660\"}","timestamp":"2024-10-25T09:18:53.754Z"}
{"level":"info","message":"{\"method\":\"GET\",\"url\":\"/user/fetchdishes/670280b7fe40a3bcc3e43718\",\"status\":\"200\",\"responseTime\":\"0.714\"}","timestamp":"2024-10-25T09:18:53.759Z"}
{"level":"info","message":"{\"method\":\"GET\",\"url\":\"/user/fetchFoodDetails/66e3f158ebbcf3a47b4e768e\",\"status\":\"304\",\"responseTime\":\"391.913\"}","timestamp":"2024-10-25T09:18:56.422Z"}
{"level":"info","message":"{\"method\":\"GET\",\"url\":\"/user/fetchFoodDetails/66e3f158ebbcf3a47b4e768e\",\"status\":\"304\",\"responseTime\":\"195.177\"}","timestamp":"2024-10-25T09:18:56.620Z"}
{"level":"info","message":"{\"method\":\"GET\",\"url\":\"/user/fetchdishes/66f25562961286353dc1fee4\",\"status\":\"200\",\"responseTime\":\"2.331\"}","timestamp":"2024-10-25T09:22:36.614Z"}
{"level":"info","message":"{\"method\":\"GET\",\"url\":\"/user/fetchdishes/66f25562961286353dc1fee4\",\"status\":\"200\",\"responseTime\":\"0.708\"}","timestamp":"2024-10-25T09:22:36.620Z"}
{"level":"info","message":"{\"method\":\"GET\",\"url\":\"/user/fetchdishes/66f25562961286353dc1fee4\",\"status\":\"200\",\"responseTime\":\"0.775\"}","timestamp":"2024-10-25T09:22:39.161Z"}
{"level":"info","message":"{\"method\":\"GET\",\"url\":\"/user/fetchdishes/66f25562961286353dc1fee4\",\"status\":\"200\",\"responseTime\":\"2.098\"}","timestamp":"2024-10-25T09:22:39.169Z"}
{"level":"info","message":"{\"method\":\"GET\",\"url\":\"/user/fetchdishes/66f25562961286353dc1fee4\",\"status\":\"200\",\"responseTime\":\"1.003\"}","timestamp":"2024-10-25T09:25:26.328Z"}
{"level":"info","message":"{\"method\":\"GET\",\"url\":\"/user/fetchdishes/66f25562961286353dc1fee4\",\"status\":\"200\",\"responseTime\":\"0.690\"}","timestamp":"2024-10-25T09:25:26.332Z"}
{"level":"info","message":"{\"method\":\"GET\",\"url\":\"/user/fetchFoodDetails/66e3f158ebbcf3a47b4e768e\",\"status\":\"200\",\"responseTime\":\"40.648\"}","timestamp":"2024-10-25T09:25:43.970Z"}
{"level":"info","message":"{\"method\":\"GET\",\"url\":\"/user/fetchFoodDetails/66e3f158ebbcf3a47b4e768e\",\"status\":\"200\",\"responseTime\":\"45.973\"}","timestamp":"2024-10-25T09:25:43.983Z"}
{"level":"info","message":"{\"method\":\"GET\",\"url\":\"/user/fetchdishes/66f25562961286353dc1fee4\",\"status\":\"200\",\"responseTime\":\"1.389\"}","timestamp":"2024-10-25T09:25:45.996Z"}
{"level":"info","message":"{\"method\":\"GET\",\"url\":\"/user/fetchdishes/66f25562961286353dc1fee4\",\"status\":\"200\",\"responseTime\":\"0.781\"}","timestamp":"2024-10-25T09:25:46.014Z"}
{"level":"info","message":"{\"method\":\"GET\",\"url\":\"/user/fetchFoodDetails/66e3f158ebbcf3a47b4e768e\",\"status\":\"200\",\"responseTime\":\"37.669\"}","timestamp":"2024-10-25T09:25:49.328Z"}
{"level":"info","message":"{\"method\":\"GET\",\"url\":\"/user/fetchFoodDetails/66e3f158ebbcf3a47b4e768e\",\"status\":\"200\",\"responseTime\":\"36.372\"}","timestamp":"2024-10-25T09:25:49.332Z"}
{"level":"info","message":"{\"method\":\"GET\",\"url\":\"/user/fetchAuditoriumDetails/66e3f158ebbcf3a47b4e768e\",\"status\":\"200\",\"responseTime\":\"101.104\"}","timestamp":"2024-10-25T09:25:54.816Z"}
{"level":"info","message":"{\"method\":\"GET\",\"url\":\"/user/fetchAuditoriumDetails/66e3f158ebbcf3a47b4e768e\",\"status\":\"200\",\"responseTime\":\"88.269\"}","timestamp":"2024-10-25T09:25:54.822Z"}
{"level":"info","message":"{\"method\":\"GET\",\"url\":\"/user/fetchauditorium/66f25840961286353dc1ff23\",\"status\":\"200\",\"responseTime\":\"59.872\"}","timestamp":"2024-10-25T09:25:58.275Z"}
{"level":"info","message":"{\"method\":\"GET\",\"url\":\"/user/fetchauditorium/66f25840961286353dc1ff23\",\"status\":\"304\",\"responseTime\":\"36.271\"}","timestamp":"2024-10-25T09:25:58.316Z"}
{"level":"info","message":"{\"method\":\"GET\",\"url\":\"/user/slots/66e3f158ebbcf3a47b4e768e\",\"status\":\"200\",\"responseTime\":\"82.779\"}","timestamp":"2024-10-25T09:26:02.912Z"}
