{"level":"info","message":"{\"method\":\"GET\",\"url\":\"/user/vendors\",\"status\":\"304\",\"responseTime\":\"317.085\"}","timestamp":"2024-10-30T06:25:08.186Z"}
{"level":"info","message":"{\"method\":\"POST\",\"url\":\"/user/login\",\"status\":\"200\",\"responseTime\":\"283.782\"}","timestamp":"2024-10-30T06:25:56.385Z"}
{"level":"info","message":"{\"method\":\"GET\",\"url\":\"/user/vendors\",\"status\":\"304\",\"responseTime\":\"64.664\"}","timestamp":"2024-10-30T06:25:57.981Z"}
{"level":"info","message":"{\"method\":\"GET\",\"url\":\"/user/vendors\",\"status\":\"304\",\"responseTime\":\"55.895\"}","timestamp":"2024-10-30T06:26:01.876Z"}
{"level":"info","message":"{\"method\":\"GET\",\"url\":\"/user/vendors\",\"status\":\"304\",\"responseTime\":\"45.909\"}","timestamp":"2024-10-30T06:26:01.927Z"}
{"level":"info","message":"{\"method\":\"GET\",\"url\":\"/user/vendors\",\"status\":\"304\",\"responseTime\":\"280.540\"}","timestamp":"2024-10-30T06:26:59.215Z"}
{"level":"info","message":"{\"method\":\"GET\",\"url\":\"/user/vendors\",\"status\":\"304\",\"responseTime\":\"238.122\"}","timestamp":"2024-10-30T06:26:59.456Z"}
{"level":"info","message":"{\"method\":\"GET\",\"url\":\"/user/vendors\",\"status\":\"304\",\"responseTime\":\"224.142\"}","timestamp":"2024-10-30T06:27:04.852Z"}
{"level":"info","message":"{\"method\":\"GET\",\"url\":\"/user/vendors\",\"status\":\"304\",\"responseTime\":\"64.580\"}","timestamp":"2024-10-30T06:29:07.246Z"}
{"level":"info","message":"{\"method\":\"GET\",\"url\":\"/user/vendors\",\"status\":\"304\",\"responseTime\":\"157.988\"}","timestamp":"2024-10-30T07:00:56.442Z"}
{"level":"info","message":"{\"method\":\"GET\",\"url\":\"/user/vendors\",\"status\":\"304\",\"responseTime\":\"257.245\"}","timestamp":"2024-10-30T07:09:19.793Z"}
{"level":"info","message":"{\"method\":\"GET\",\"url\":\"/user/vendors\",\"status\":\"304\",\"responseTime\":\"356.518\"}","timestamp":"2024-10-30T07:09:31.964Z"}
{"level":"info","message":"{\"method\":\"GET\",\"url\":\"/user/vendors\",\"status\":\"304\",\"responseTime\":\"320.751\"}","timestamp":"2024-10-30T07:09:35.468Z"}
{"level":"info","message":"{\"method\":\"GET\",\"url\":\"/user/vendors\",\"status\":\"304\",\"responseTime\":\"44.403\"}","timestamp":"2024-10-30T07:10:43.126Z"}
{"level":"info","message":"{\"method\":\"GET\",\"url\":\"/user/vendors\",\"status\":\"304\",\"responseTime\":\"49.480\"}","timestamp":"2024-10-30T07:11:09.458Z"}
{"level":"info","message":"{\"method\":\"GET\",\"url\":\"/user/vendors\",\"status\":\"304\",\"responseTime\":\"202.764\"}","timestamp":"2024-10-30T07:13:28.397Z"}
{"level":"info","message":"{\"method\":\"GET\",\"url\":\"/user/vendors\",\"status\":\"304\",\"responseTime\":\"274.169\"}","timestamp":"2024-10-30T07:13:45.571Z"}
{"level":"info","message":"{\"method\":\"GET\",\"url\":\"/user/vendors\",\"status\":\"304\",\"responseTime\":\"56.050\"}","timestamp":"2024-10-30T07:13:49.211Z"}
{"level":"info","message":"{\"method\":\"GET\",\"url\":\"/user/vendors\",\"status\":\"304\",\"responseTime\":\"108.614\"}","timestamp":"2024-10-30T07:14:13.692Z"}
{"level":"info","message":"{\"method\":\"GET\",\"url\":\"/user/vendors\",\"status\":\"304\",\"responseTime\":\"326.429\"}","timestamp":"2024-10-30T07:14:59.268Z"}
{"level":"info","message":"{\"method\":\"GET\",\"url\":\"/user/vendors\",\"status\":\"304\",\"responseTime\":\"430.439\"}","timestamp":"2024-10-30T07:14:59.701Z"}
{"level":"info","message":"{\"method\":\"GET\",\"url\":\"/user/vendors\",\"status\":\"304\",\"responseTime\":\"42.502\"}","timestamp":"2024-10-30T07:17:09.254Z"}
{"level":"info","message":"{\"method\":\"GET\",\"url\":\"/user/vendors\",\"status\":\"304\",\"responseTime\":\"59.784\"}","timestamp":"2024-10-30T07:18:13.631Z"}
{"level":"info","message":"{\"method\":\"GET\",\"url\":\"/user/vendors\",\"status\":\"304\",\"responseTime\":\"56.104\"}","timestamp":"2024-10-30T07:18:13.699Z"}
{"level":"info","message":"{\"method\":\"GET\",\"url\":\"/user/vendors\",\"status\":\"304\",\"responseTime\":\"52.957\"}","timestamp":"2024-10-30T07:18:16.731Z"}
{"level":"info","message":"{\"method\":\"GET\",\"url\":\"/user/vendors\",\"status\":\"304\",\"responseTime\":\"53.420\"}","timestamp":"2024-10-30T07:18:19.250Z"}
{"level":"info","message":"{\"method\":\"GET\",\"url\":\"/user/vendors\",\"status\":\"304\",\"responseTime\":\"134.915\"}","timestamp":"2024-10-30T07:18:19.387Z"}
{"level":"info","message":"{\"method\":\"GET\",\"url\":\"/user/vendors\",\"status\":\"304\",\"responseTime\":\"251.742\"}","timestamp":"2024-10-30T09:19:31.921Z"}
{"level":"info","message":"{\"method\":\"POST\",\"url\":\"/user/login\",\"status\":\"200\",\"responseTime\":\"544.249\"}","timestamp":"2024-10-30T09:21:18.471Z"}
{"level":"info","message":"{\"method\":\"GET\",\"url\":\"/user/vendors\",\"status\":\"304\",\"responseTime\":\"106.881\"}","timestamp":"2024-10-30T09:21:20.153Z"}
{"level":"info","message":"{\"method\":\"GET\",\"url\":\"/user/vendors\",\"status\":\"304\",\"responseTime\":\"281.442\"}","timestamp":"2024-10-30T09:21:22.851Z"}
{"level":"info","message":"{\"method\":\"GET\",\"url\":\"/user/vendors\",\"status\":\"304\",\"responseTime\":\"71.995\"}","timestamp":"2024-10-30T09:21:22.926Z"}
{"level":"info","message":"{\"method\":\"GET\",\"url\":\"/user/fetchReview?vendorId=66e8ff82cefa89a2e4d838f7&userId=67169bd88848b78cf8031e7c\",\"status\":\"200\",\"responseTime\":\"279.422\"}","timestamp":"2024-10-30T09:21:36.816Z"}
{"level":"info","message":"{\"method\":\"GET\",\"url\":\"/user/fetchVendorDetails?vendorId=66e8ff82cefa89a2e4d838f7&userId=67169bd88848b78cf8031e7c\",\"status\":\"200\",\"responseTime\":\"321.378\"}","timestamp":"2024-10-30T09:21:36.849Z"}
{"level":"info","message":"{\"method\":\"POST\",\"url\":\"/user/login\",\"status\":\"200\",\"responseTime\":\"252.224\"}","timestamp":"2024-10-30T09:22:05.449Z"}
{"level":"info","message":"{\"method\":\"GET\",\"url\":\"/user/vendors\",\"status\":\"304\",\"responseTime\":\"40.088\"}","timestamp":"2024-10-30T09:22:06.670Z"}
{"level":"info","message":"{\"method\":\"GET\",\"url\":\"/user/vendors\",\"status\":\"304\",\"responseTime\":\"273.071\"}","timestamp":"2024-10-30T09:22:50.086Z"}
{"level":"info","message":"{\"method\":\"GET\",\"url\":\"/user/vendors\",\"status\":\"304\",\"responseTime\":\"212.538\"}","timestamp":"2024-10-30T09:22:50.302Z"}
{"level":"info","message":"{\"method\":\"GET\",\"url\":\"/user/vendors\",\"status\":\"304\",\"responseTime\":\"240.967\"}","timestamp":"2024-10-30T09:23:10.061Z"}
{"level":"info","message":"{\"method\":\"GET\",\"url\":\"/user/vendors\",\"status\":\"304\",\"responseTime\":\"81.325\"}","timestamp":"2024-10-30T09:24:05.231Z"}
{"level":"info","message":"{\"method\":\"GET\",\"url\":\"/user/vendors\",\"status\":\"304\",\"responseTime\":\"290.966\"}","timestamp":"2024-10-30T09:24:05.524Z"}
{"level":"info","message":"{\"method\":\"GET\",\"url\":\"/vendor/unread-count\",\"status\":\"401\",\"responseTime\":\"5.429\"}","timestamp":"2024-10-30T09:24:18.914Z"}
{"level":"info","message":"{\"method\":\"POST\",\"url\":\"/vendor/login\",\"status\":\"200\",\"responseTime\":\"440.206\"}","timestamp":"2024-10-30T09:24:25.411Z"}
{"level":"info","message":"{\"method\":\"GET\",\"url\":\"/vendor/fetchDetailsVendor/66e3f158ebbcf3a47b4e768e\",\"status\":\"200\",\"responseTime\":\"134.529\"}","timestamp":"2024-10-30T09:24:28.539Z"}
{"level":"info","message":"{\"method\":\"GET\",\"url\":\"/vendor/fetchDetailsVendor/66e3f158ebbcf3a47b4e768e\",\"status\":\"304\",\"responseTime\":\"60.679\"}","timestamp":"2024-10-30T09:24:28.612Z"}
{"level":"info","message":"{\"method\":\"GET\",\"url\":\"/vendor/unread-count\",\"status\":\"200\",\"responseTime\":\"232.550\"}","timestamp":"2024-10-30T09:24:28.619Z"}
{"level":"info","message":"{\"method\":\"GET\",\"url\":\"/vendor/fetchAuditoriumDetails/66e3f158ebbcf3a47b4e768e\",\"status\":\"200\",\"responseTime\":\"79.873\"}","timestamp":"2024-10-30T09:24:28.634Z"}
{"level":"info","message":"{\"method\":\"GET\",\"url\":\"/vendor/fetchAuditoriumDetails/66e3f158ebbcf3a47b4e768e\",\"status\":\"304\",\"responseTime\":\"58.895\"}","timestamp":"2024-10-30T09:24:28.709Z"}
{"level":"info","message":"{\"method\":\"GET\",\"url\":\"/vendor/fetchFoodDetails/66e3f158ebbcf3a47b4e768e\",\"status\":\"200\",\"responseTime\":\"107.750\"}","timestamp":"2024-10-30T09:24:28.765Z"}
{"level":"info","message":"{\"method\":\"GET\",\"url\":\"/vendor/unread-count\",\"status\":\"304\",\"responseTime\":\"131.010\"}","timestamp":"2024-10-30T09:24:28.769Z"}
{"level":"info","message":"{\"method\":\"GET\",\"url\":\"/vendor/fetchFoodDetails/66e3f158ebbcf3a47b4e768e\",\"status\":\"304\",\"responseTime\":\"155.649\"}","timestamp":"2024-10-30T09:24:28.927Z"}
{"level":"info","message":"{\"method\":\"GET\",\"url\":\"/vendor/fetchReviews/66e3f158ebbcf3a47b4e768e\",\"status\":\"200\",\"responseTime\":\"223.734\"}","timestamp":"2024-10-30T09:24:29.005Z"}
{"level":"info","message":"{\"method\":\"GET\",\"url\":\"/vendor/fetchReviews/66e3f158ebbcf3a47b4e768e\",\"status\":\"304\",\"responseTime\":\"478.207\"}","timestamp":"2024-10-30T09:24:29.487Z"}
{"level":"info","message":"{\"method\":\"GET\",\"url\":\"/vendor/unread-count\",\"status\":\"304\",\"responseTime\":\"303.786\"}","timestamp":"2024-10-30T09:24:40.252Z"}
{"level":"info","message":"{\"method\":\"GET\",\"url\":\"/vendor/vendorBookingDetils/66e3f158ebbcf3a47b4e768e\",\"status\":\"200\",\"responseTime\":\"717.902\"}","timestamp":"2024-10-30T09:24:40.656Z"}
{"level":"info","message":"{\"method\":\"GET\",\"url\":\"/vendor/vendorBookingDetils/66e3f158ebbcf3a47b4e768e\",\"status\":\"304\",\"responseTime\":\"743.925\"}","timestamp":"2024-10-30T09:24:41.413Z"}
{"level":"info","message":"{\"method\":\"GET\",\"url\":\"/vendor/unread-count\",\"status\":\"304\",\"responseTime\":\"757.563\"}","timestamp":"2024-10-30T09:24:41.417Z"}
{"level":"info","message":"{\"method\":\"GET\",\"url\":\"/vendor/fetchDetailsVendor/66e3f158ebbcf3a47b4e768e\",\"status\":\"304\",\"responseTime\":\"410.499\"}","timestamp":"2024-10-30T09:27:15.790Z"}
{"level":"info","message":"{\"method\":\"GET\",\"url\":\"/vendor/fetchAuditoriumDetails/66e3f158ebbcf3a47b4e768e\",\"status\":\"304\",\"responseTime\":\"300.317\"}","timestamp":"2024-10-30T09:27:16.098Z"}
{"level":"info","message":"{\"method\":\"GET\",\"url\":\"/vendor/unread-count\",\"status\":\"304\",\"responseTime\":\"720.209\"}","timestamp":"2024-10-30T09:27:16.102Z"}
{"level":"info","message":"{\"method\":\"GET\",\"url\":\"/vendor/fetchDetailsVendor/66e3f158ebbcf3a47b4e768e\",\"status\":\"304\",\"responseTime\":\"311.298\"}","timestamp":"2024-10-30T09:27:16.106Z"}
{"level":"info","message":"{\"method\":\"GET\",\"url\":\"/vendor/fetchAuditoriumDetails/66e3f158ebbcf3a47b4e768e\",\"status\":\"304\",\"responseTime\":\"837.979\"}","timestamp":"2024-10-30T09:27:16.971Z"}
{"level":"info","message":"{\"method\":\"GET\",\"url\":\"/vendor/fetchFoodDetails/66e3f158ebbcf3a47b4e768e\",\"status\":\"304\",\"responseTime\":\"875.359\"}","timestamp":"2024-10-30T09:27:16.984Z"}
{"level":"info","message":"{\"method\":\"GET\",\"url\":\"/vendor/unread-count\",\"status\":\"304\",\"responseTime\":\"1013.593\"}","timestamp":"2024-10-30T09:27:17.126Z"}
{"level":"info","message":"{\"method\":\"GET\",\"url\":\"/vendor/fetchFoodDetails/66e3f158ebbcf3a47b4e768e\",\"status\":\"304\",\"responseTime\":\"147.812\"}","timestamp":"2024-10-30T09:27:17.139Z"}
{"level":"info","message":"{\"method\":\"GET\",\"url\":\"/vendor/fetchReviews/66e3f158ebbcf3a47b4e768e\",\"status\":\"304\",\"responseTime\":\"177.274\"}","timestamp":"2024-10-30T09:27:17.173Z"}
{"level":"info","message":"{\"method\":\"GET\",\"url\":\"/vendor/fetchReviews/66e3f158ebbcf3a47b4e768e\",\"status\":\"304\",\"responseTime\":\"814.051\"}","timestamp":"2024-10-30T09:27:17.991Z"}
{"level":"info","message":"{\"method\":\"GET\",\"url\":\"/vendor/slots/66e3f158ebbcf3a47b4e768e\",\"status\":\"200\",\"responseTime\":\"268.278\"}","timestamp":"2024-10-30T09:27:31.526Z"}
{"level":"info","message":"{\"method\":\"GET\",\"url\":\"/vendor/slots/66e3f158ebbcf3a47b4e768e\",\"status\":\"304\",\"responseTime\":\"129.093\"}","timestamp":"2024-10-30T09:27:31.661Z"}
{"level":"info","message":"{\"method\":\"GET\",\"url\":\"/vendor/unread-count\",\"status\":\"304\",\"responseTime\":\"396.124\"}","timestamp":"2024-10-30T09:27:31.664Z"}
{"level":"info","message":"{\"method\":\"GET\",\"url\":\"/vendor/unread-count\",\"status\":\"304\",\"responseTime\":\"398.977\"}","timestamp":"2024-10-30T09:27:32.066Z"}
{"level":"info","message":"{\"method\":\"POST\",\"url\":\"/vendor/create-slot/66e3f158ebbcf3a47b4e768e\",\"status\":\"500\",\"responseTime\":\"14.201\"}","timestamp":"2024-10-30T09:28:06.229Z"}
{"level":"info","message":"{\"method\":\"POST\",\"url\":\"/vendor/create-slot/66e3f158ebbcf3a47b4e768e\",\"status\":\"500\",\"responseTime\":\"3.951\"}","timestamp":"2024-10-30T09:28:08.234Z"}
{"level":"info","message":"{\"method\":\"POST\",\"url\":\"/vendor/create-slot/66e3f158ebbcf3a47b4e768e\",\"status\":\"500\",\"responseTime\":\"4.342\"}","timestamp":"2024-10-30T09:28:09.112Z"}
{"level":"info","message":"{\"method\":\"POST\",\"url\":\"/vendor/create-slot/66e3f158ebbcf3a47b4e768e\",\"status\":\"500\",\"responseTime\":\"4.151\"}","timestamp":"2024-10-30T09:28:26.682Z"}
{"level":"info","message":"{\"method\":\"GET\",\"url\":\"/user/vendors\",\"status\":\"304\",\"responseTime\":\"482.847\"}","timestamp":"2024-10-30T09:28:39.733Z"}
{"level":"info","message":"{\"method\":\"GET\",\"url\":\"/user/vendors\",\"status\":\"304\",\"responseTime\":\"222.197\"}","timestamp":"2024-10-30T09:28:39.958Z"}
{"level":"info","message":"{\"method\":\"GET\",\"url\":\"/user/vendors\",\"status\":\"304\",\"responseTime\":\"47.388\"}","timestamp":"2024-10-30T09:28:52.829Z"}
{"level":"info","message":"{\"method\":\"GET\",\"url\":\"/user/vendors\",\"status\":\"304\",\"responseTime\":\"391.198\"}","timestamp":"2024-10-30T09:30:53.493Z"}
{"level":"info","message":"{\"method\":\"GET\",\"url\":\"/user/vendors\",\"status\":\"304\",\"responseTime\":\"197.210\"}","timestamp":"2024-10-30T09:30:53.692Z"}
{"level":"info","message":"{\"method\":\"POST\",\"url\":\"/user/login\",\"status\":\"200\",\"responseTime\":\"270.727\"}","timestamp":"2024-10-30T09:31:16.550Z"}
{"level":"info","message":"{\"method\":\"GET\",\"url\":\"/user/vendors\",\"status\":\"304\",\"responseTime\":\"107.878\"}","timestamp":"2024-10-30T09:31:18.261Z"}
{"level":"info","message":"{\"method\":\"GET\",\"url\":\"/user/vendors\",\"status\":\"304\",\"responseTime\":\"77.810\"}","timestamp":"2024-10-30T09:31:22.978Z"}
{"level":"info","message":"{\"method\":\"GET\",\"url\":\"/user/vendors\",\"status\":\"304\",\"responseTime\":\"168.357\"}","timestamp":"2024-10-30T09:31:23.148Z"}
{"level":"info","message":"{\"method\":\"GET\",\"url\":\"/user/fetchReview?vendorId=66e3f158ebbcf3a47b4e768e&userId=67169bd88848b78cf8031e7c\",\"status\":\"200\",\"responseTime\":\"420.863\"}","timestamp":"2024-10-30T09:31:29.096Z"}
{"level":"info","message":"{\"method\":\"GET\",\"url\":\"/user/fetchVendorDetails?vendorId=66e3f158ebbcf3a47b4e768e&userId=67169bd88848b78cf8031e7c\",\"status\":\"200\",\"responseTime\":\"922.231\"}","timestamp":"2024-10-30T09:31:29.593Z"}
{"level":"info","message":"{\"method\":\"GET\",\"url\":\"/user/slots/66e3f158ebbcf3a47b4e768e\",\"status\":\"200\",\"responseTime\":\"1207.422\"}","timestamp":"2024-10-30T09:33:44.655Z"}
{"level":"info","message":"{\"method\":\"POST\",\"url\":\"/user/payment\",\"status\":\"400\",\"responseTime\":\"97.998\"}","timestamp":"2024-10-30T09:34:06.819Z"}
{"level":"info","message":"{\"method\":\"POST\",\"url\":\"/user/payment\",\"status\":\"400\",\"responseTime\":\"33.744\"}","timestamp":"2024-10-30T09:34:06.856Z"}
{"level":"info","message":"{\"method\":\"POST\",\"url\":\"/user/payment\",\"status\":\"400\",\"responseTime\":\"31.749\"}","timestamp":"2024-10-30T09:34:16.095Z"}
{"level":"info","message":"{\"method\":\"POST\",\"url\":\"/user/payment\",\"status\":\"400\",\"responseTime\":\"34.721\"}","timestamp":"2024-10-30T09:34:16.134Z"}
{"level":"info","message":"{\"method\":\"POST\",\"url\":\"/user/payment\",\"status\":\"400\",\"responseTime\":\"48.209\"}","timestamp":"2024-10-30T09:35:36.556Z"}
{"level":"info","message":"{\"method\":\"POST\",\"url\":\"/user/payment\",\"status\":\"400\",\"responseTime\":\"20.597\"}","timestamp":"2024-10-30T09:35:36.588Z"}
{"level":"info","message":"{\"method\":\"POST\",\"url\":\"/user/payment\",\"status\":\"200\",\"responseTime\":\"1643.674\"}","timestamp":"2024-10-30T09:39:08.951Z"}
{"level":"info","message":"{\"method\":\"POST\",\"url\":\"/user/payment\",\"status\":\"200\",\"responseTime\":\"1771.918\"}","timestamp":"2024-10-30T09:39:09.156Z"}
{"level":"info","message":"{\"method\":\"POST\",\"url\":\"/user/payment\",\"status\":\"200\",\"responseTime\":\"179.432\"}","timestamp":"2024-10-30T09:47:40.745Z"}
{"level":"info","message":"{\"method\":\"POST\",\"url\":\"/user/payment\",\"status\":\"200\",\"responseTime\":\"159.459\"}","timestamp":"2024-10-30T09:47:40.751Z"}
{"level":"info","message":"{\"method\":\"GET\",\"url\":\"/user/fetchFoodDetails/66e3f158ebbcf3a47b4e768e\",\"status\":\"200\",\"responseTime\":\"373.331\"}","timestamp":"2024-10-30T09:49:35.862Z"}
{"level":"info","message":"{\"method\":\"GET\",\"url\":\"/user/fetchFoodDetails/66e3f158ebbcf3a47b4e768e\",\"status\":\"200\",\"responseTime\":\"313.689\"}","timestamp":"2024-10-30T09:49:35.868Z"}
{"level":"info","message":"{\"method\":\"GET\",\"url\":\"/user/fetchdishes/66f25562961286353dc1fee4\",\"status\":\"200\",\"responseTime\":\"3.554\"}","timestamp":"2024-10-30T09:49:41.953Z"}
{"level":"info","message":"{\"method\":\"GET\",\"url\":\"/user/fetchdishes/66f25562961286353dc1fee4\",\"status\":\"200\",\"responseTime\":\"0.609\"}","timestamp":"2024-10-30T09:49:41.957Z"}
{"level":"info","message":"{\"method\":\"GET\",\"url\":\"/user/fetchFoodDetails/66e3f158ebbcf3a47b4e768e\",\"status\":\"200\",\"responseTime\":\"107.995\"}","timestamp":"2024-10-30T09:49:44.302Z"}
{"level":"info","message":"{\"method\":\"GET\",\"url\":\"/user/fetchFoodDetails/66e3f158ebbcf3a47b4e768e\",\"status\":\"200\",\"responseTime\":\"106.175\"}","timestamp":"2024-10-30T09:49:44.311Z"}
{"level":"info","message":"{\"method\":\"GET\",\"url\":\"/user/fetchAuditoriumDetails/66e3f158ebbcf3a47b4e768e\",\"status\":\"200\",\"responseTime\":\"338.342\"}","timestamp":"2024-10-30T09:49:49.991Z"}
{"level":"info","message":"{\"method\":\"GET\",\"url\":\"/user/fetchAuditoriumDetails/66e3f158ebbcf3a47b4e768e\",\"status\":\"200\",\"responseTime\":\"352.827\"}","timestamp":"2024-10-30T09:49:50.000Z"}
{"level":"info","message":"{\"method\":\"GET\",\"url\":\"/user/fetchauditorium/66f25840961286353dc1ff23\",\"status\":\"200\",\"responseTime\":\"58.896\"}","timestamp":"2024-10-30T09:49:58.774Z"}
{"level":"info","message":"{\"method\":\"GET\",\"url\":\"/user/fetchauditorium/66f25840961286353dc1ff23\",\"status\":\"200\",\"responseTime\":\"61.018\"}","timestamp":"2024-10-30T09:49:58.782Z"}
{"level":"info","message":"{\"method\":\"GET\",\"url\":\"/user/userunread-count?userId=67169bd88848b78cf8031e7c\",\"status\":\"200\",\"responseTime\":\"824.173\"}","timestamp":"2024-10-30T09:50:10.295Z"}
{"level":"info","message":"{\"method\":\"GET\",\"url\":\"/user/fetchBookingDetails/67169bd88848b78cf8031e7c\",\"status\":\"200\",\"responseTime\":\"506.228\"}","timestamp":"2024-10-30T09:50:18.732Z"}
{"level":"info","message":"{\"method\":\"GET\",\"url\":\"/user/fetchBookingDetails/67169bd88848b78cf8031e7c\",\"status\":\"200\",\"responseTime\":\"505.400\"}","timestamp":"2024-10-30T09:50:18.739Z"}
{"level":"info","message":"{\"method\":\"GET\",\"url\":\"/user/fetchNotifications?userId=67169bd88848b78cf8031e7c\",\"status\":\"200\",\"responseTime\":\"344.243\"}","timestamp":"2024-10-30T09:50:26.682Z"}
{"level":"info","message":"{\"method\":\"GET\",\"url\":\"/chat/usercompany/67169bd88848b78cf8031e7c\",\"status\":\"200\",\"responseTime\":\"691.063\"}","timestamp":"2024-10-30T09:50:31.330Z"}
{"level":"info","message":"{\"method\":\"GET\",\"url\":\"/chat/message/67169c408848b78cf8031e8f\",\"status\":\"200\",\"responseTime\":\"870.637\"}","timestamp":"2024-10-30T09:50:33.846Z"}
{"level":"info","message":"{\"method\":\"GET\",\"url\":\"/chat/message/671940abfd8fe49d6240d5f0\",\"status\":\"404\",\"responseTime\":\"358.006\"}","timestamp":"2024-10-30T09:50:34.195Z"}
{"level":"info","message":"{\"method\":\"GET\",\"url\":\"/chat/message/671f33229d655821036516f8\",\"status\":\"404\",\"responseTime\":\"587.891\"}","timestamp":"2024-10-30T09:50:35.026Z"}
{"level":"info","message":"{\"method\":\"GET\",\"url\":\"/chat/message/67169c408848b78cf8031e8f\",\"status\":\"200\",\"responseTime\":\"1464.446\"}","timestamp":"2024-10-30T09:50:36.950Z"}
{"level":"info","message":"{\"method\":\"POST\",\"url\":\"/chat/usermessage\",\"status\":\"200\",\"responseTime\":\"428.063\"}","timestamp":"2024-10-30T09:50:39.434Z"}
{"level":"info","message":"{\"method\":\"GET\",\"url\":\"/user/fetchNotifications?userId=67169bd88848b78cf8031e7c\",\"status\":\"200\",\"responseTime\":\"346.014\"}","timestamp":"2024-10-30T09:50:44.152Z"}
{"level":"info","message":"{\"method\":\"GET\",\"url\":\"/user/userunread-count?userId=67169bd88848b78cf8031e7c\",\"status\":\"200\",\"responseTime\":\"364.129\"}","timestamp":"2024-10-30T09:50:44.162Z"}
{"level":"info","message":"{\"method\":\"GET\",\"url\":\"/vendor/unread-count\",\"status\":\"401\",\"responseTime\":\"115.425\"}","timestamp":"2024-10-30T09:51:05.777Z"}
{"level":"info","message":"{\"method\":\"GET\",\"url\":\"/vendor/unread-count\",\"status\":\"401\",\"responseTime\":\"3.423\"}","timestamp":"2024-10-30T09:51:08.665Z"}
{"level":"info","message":"{\"method\":\"POST\",\"url\":\"/vendor/login\",\"status\":\"200\",\"responseTime\":\"367.529\"}","timestamp":"2024-10-30T09:51:13.796Z"}
{"level":"info","message":"{\"method\":\"GET\",\"url\":\"/vendor/fetchDetailsVendor/66e3f158ebbcf3a47b4e768e\",\"status\":\"200\",\"responseTime\":\"48.419\"}","timestamp":"2024-10-30T09:51:19.475Z"}
{"level":"info","message":"{\"method\":\"GET\",\"url\":\"/vendor/fetchDetailsVendor/66e3f158ebbcf3a47b4e768e\",\"status\":\"200\",\"responseTime\":\"116.763\"}","timestamp":"2024-10-30T09:51:19.580Z"}
{"level":"info","message":"{\"method\":\"GET\",\"url\":\"/vendor/fetchAuditoriumDetails/66e3f158ebbcf3a47b4e768e\",\"status\":\"200\",\"responseTime\":\"66.164\"}","timestamp":"2024-10-30T09:51:19.627Z"}
{"level":"info","message":"{\"method\":\"GET\",\"url\":\"/vendor/unread-count\",\"status\":\"200\",\"responseTime\":\"207.043\"}","timestamp":"2024-10-30T09:51:19.641Z"}
{"level":"info","message":"{\"method\":\"GET\",\"url\":\"/vendor/unread-count\",\"status\":\"200\",\"responseTime\":\"209.886\"}","timestamp":"2024-10-30T09:51:19.660Z"}
{"level":"info","message":"{\"method\":\"GET\",\"url\":\"/vendor/fetchAuditoriumDetails/66e3f158ebbcf3a47b4e768e\",\"status\":\"200\",\"responseTime\":\"75.316\"}","timestamp":"2024-10-30T09:51:19.730Z"}
{"level":"info","message":"{\"method\":\"GET\",\"url\":\"/vendor/fetchFoodDetails/66e3f158ebbcf3a47b4e768e\",\"status\":\"200\",\"responseTime\":\"184.164\"}","timestamp":"2024-10-30T09:51:19.881Z"}
{"level":"info","message":"{\"method\":\"GET\",\"url\":\"/vendor/fetchFoodDetails/66e3f158ebbcf3a47b4e768e\",\"status\":\"200\",\"responseTime\":\"220.186\"}","timestamp":"2024-10-30T09:51:19.998Z"}
{"level":"info","message":"{\"method\":\"GET\",\"url\":\"/vendor/fetchReviews/66e3f158ebbcf3a47b4e768e\",\"status\":\"200\",\"responseTime\":\"266.548\"}","timestamp":"2024-10-30T09:51:20.168Z"}
{"level":"info","message":"{\"method\":\"GET\",\"url\":\"/vendor/fetchReviews/66e3f158ebbcf3a47b4e768e\",\"status\":\"200\",\"responseTime\":\"215.853\"}","timestamp":"2024-10-30T09:51:20.222Z"}
{"level":"info","message":"{\"method\":\"PATCH\",\"url\":\"/vendor/dishes/670280b7fe40a3bcc3e43718\",\"status\":\"200\",\"responseTime\":\"725.431\"}","timestamp":"2024-10-30T09:51:27.356Z"}
{"level":"info","message":"{\"method\":\"GET\",\"url\":\"/vendor/fetchFoodDetails/66e3f158ebbcf3a47b4e768e\",\"status\":\"200\",\"responseTime\":\"261.958\"}","timestamp":"2024-10-30T09:51:27.627Z"}
{"level":"info","message":"{\"method\":\"PATCH\",\"url\":\"/vendor/auditorium/66f25840961286353dc1ff23\",\"status\":\"200\",\"responseTime\":\"530.472\"}","timestamp":"2024-10-30T09:51:30.789Z"}
{"level":"info","message":"{\"method\":\"GET\",\"url\":\"/vendor/fetchAuditoriumDetails/66e3f158ebbcf3a47b4e768e\",\"status\":\"200\",\"responseTime\":\"422.650\"}","timestamp":"2024-10-30T09:51:31.218Z"}
{"level":"info","message":"{\"method\":\"PATCH\",\"url\":\"/vendor/approveReview/671511a00d81e59e832dffa2\",\"status\":\"400\",\"responseTime\":\"74.434\"}","timestamp":"2024-10-30T09:51:34.031Z"}
{"level":"info","message":"{\"method\":\"DELETE\",\"url\":\"/vendor/rejectReview/671511a00d81e59e832dffa2\",\"status\":\"200\",\"responseTime\":\"722.691\"}","timestamp":"2024-10-30T09:51:37.519Z"}
{"level":"info","message":"{\"method\":\"DELETE\",\"url\":\"/vendor/rejectReview/670ba2f7daa420f1042168ce\",\"status\":\"200\",\"responseTime\":\"458.079\"}","timestamp":"2024-10-30T09:51:39.515Z"}
{"level":"info","message":"{\"method\":\"DELETE\",\"url\":\"/vendor/rejectReview/67139ee1d55621cefa12d788\",\"status\":\"200\",\"responseTime\":\"766.819\"}","timestamp":"2024-10-30T09:51:40.977Z"}
{"level":"info","message":"{\"method\":\"PATCH\",\"url\":\"/vendor/approveReview/670a2828bdb077f84f8866db\",\"status\":\"400\",\"responseTime\":\"42.432\"}","timestamp":"2024-10-30T09:51:42.737Z"}
{"level":"info","message":"{\"method\":\"PATCH\",\"url\":\"/vendor/approveReview/670a28ccac94f6f30e0806f8\",\"status\":\"400\",\"responseTime\":\"468.897\"}","timestamp":"2024-10-30T09:51:44.657Z"}
{"level":"info","message":"{\"method\":\"DELETE\",\"url\":\"/vendor/rejectReview/670a28ccac94f6f30e0806f8\",\"status\":\"200\",\"responseTime\":\"937.424\"}","timestamp":"2024-10-30T09:51:46.739Z"}
{"level":"info","message":"{\"method\":\"DELETE\",\"url\":\"/vendor/rejectReview/670a2828bdb077f84f8866db\",\"status\":\"200\",\"responseTime\":\"503.203\"}","timestamp":"2024-10-30T09:51:47.832Z"}
{"level":"info","message":"{\"method\":\"GET\",\"url\":\"/vendor/unread-count\",\"status\":\"200\",\"responseTime\":\"246.468\"}","timestamp":"2024-10-30T09:51:53.913Z"}
{"level":"info","message":"{\"method\":\"GET\",\"url\":\"/vendor/unread-count\",\"status\":\"200\",\"responseTime\":\"216.423\"}","timestamp":"2024-10-30T09:51:53.919Z"}
{"level":"info","message":"{\"method\":\"GET\",\"url\":\"/vendor/vendorBookingDetils/66e3f158ebbcf3a47b4e768e\",\"status\":\"200\",\"responseTime\":\"574.237\"}","timestamp":"2024-10-30T09:51:54.299Z"}
{"level":"info","message":"{\"method\":\"GET\",\"url\":\"/vendor/vendorBookingDetils/66e3f158ebbcf3a47b4e768e\",\"status\":\"200\",\"responseTime\":\"1624.434\"}","timestamp":"2024-10-30T09:51:55.343Z"}
{"level":"info","message":"{\"method\":\"GET\",\"url\":\"/vendor/fetchDetailsVendor/66e3f158ebbcf3a47b4e768e\",\"status\":\"200\",\"responseTime\":\"33.641\"}","timestamp":"2024-10-30T09:52:28.316Z"}
{"level":"info","message":"{\"method\":\"GET\",\"url\":\"/vendor/fetchDetailsVendor/66e3f158ebbcf3a47b4e768e\",\"status\":\"200\",\"responseTime\":\"51.027\"}","timestamp":"2024-10-30T09:52:28.342Z"}
{"level":"info","message":"{\"method\":\"GET\",\"url\":\"/vendor/unread-count\",\"status\":\"200\",\"responseTime\":\"101.733\"}","timestamp":"2024-10-30T09:52:28.371Z"}
{"level":"info","message":"{\"method\":\"GET\",\"url\":\"/vendor/unread-count\",\"status\":\"200\",\"responseTime\":\"93.488\"}","timestamp":"2024-10-30T09:52:28.379Z"}
{"level":"info","message":"{\"method\":\"GET\",\"url\":\"/vendor/fetchAuditoriumDetails/66e3f158ebbcf3a47b4e768e\",\"status\":\"200\",\"responseTime\":\"48.883\"}","timestamp":"2024-10-30T09:52:28.449Z"}
{"level":"info","message":"{\"method\":\"GET\",\"url\":\"/vendor/fetchAuditoriumDetails/66e3f158ebbcf3a47b4e768e\",\"status\":\"200\",\"responseTime\":\"47.365\"}","timestamp":"2024-10-30T09:52:28.516Z"}
{"level":"info","message":"{\"method\":\"GET\",\"url\":\"/vendor/fetchFoodDetails/66e3f158ebbcf3a47b4e768e\",\"status\":\"200\",\"responseTime\":\"144.124\"}","timestamp":"2024-10-30T09:52:28.675Z"}
{"level":"info","message":"{\"method\":\"GET\",\"url\":\"/vendor/fetchFoodDetails/66e3f158ebbcf3a47b4e768e\",\"status\":\"200\",\"responseTime\":\"174.357\"}","timestamp":"2024-10-30T09:52:28.756Z"}
{"level":"info","message":"{\"method\":\"GET\",\"url\":\"/vendor/fetchReviews/66e3f158ebbcf3a47b4e768e\",\"status\":\"404\",\"responseTime\":\"74.799\"}","timestamp":"2024-10-30T09:52:28.760Z"}
{"level":"info","message":"{\"method\":\"GET\",\"url\":\"/vendor/fetchReviews/66e3f158ebbcf3a47b4e768e\",\"status\":\"404\",\"responseTime\":\"38.105\"}","timestamp":"2024-10-30T09:52:28.803Z"}
{"level":"info","message":"{\"method\":\"GET\",\"url\":\"/vendor/slots/66e3f158ebbcf3a47b4e768e\",\"status\":\"200\",\"responseTime\":\"77.986\"}","timestamp":"2024-10-30T09:52:36.268Z"}
{"level":"info","message":"{\"method\":\"GET\",\"url\":\"/vendor/slots/66e3f158ebbcf3a47b4e768e\",\"status\":\"200\",\"responseTime\":\"122.759\"}","timestamp":"2024-10-30T09:52:36.327Z"}
{"level":"info","message":"{\"method\":\"GET\",\"url\":\"/vendor/unread-count\",\"status\":\"200\",\"responseTime\":\"159.620\"}","timestamp":"2024-10-30T09:52:36.342Z"}
{"level":"info","message":"{\"method\":\"GET\",\"url\":\"/vendor/unread-count\",\"status\":\"200\",\"responseTime\":\"166.885\"}","timestamp":"2024-10-30T09:52:36.364Z"}
{"level":"info","message":"{\"method\":\"POST\",\"url\":\"/vendor/create-slot/66e3f158ebbcf3a47b4e768e\",\"status\":\"500\",\"responseTime\":\"289.441\"}","timestamp":"2024-10-30T09:52:57.114Z"}
{"level":"info","message":"{\"method\":\"POST\",\"url\":\"/vendor/create-slot/66e3f158ebbcf3a47b4e768e\",\"status\":\"201\",\"responseTime\":\"10344.317\"}","timestamp":"2024-10-30T09:53:01.236Z"}
{"level":"info","message":"{\"method\":\"GET\",\"url\":\"/vendor/fetchDetailsVendor/66e3f158ebbcf3a47b4e768e\",\"status\":\"200\",\"responseTime\":\"72.740\"}","timestamp":"2024-10-30T09:53:14.430Z"}
{"level":"info","message":"{\"method\":\"GET\",\"url\":\"/vendor/fetchDetailsVendor/66e3f158ebbcf3a47b4e768e\",\"status\":\"200\",\"responseTime\":\"71.218\"}","timestamp":"2024-10-30T09:53:14.443Z"}
{"level":"info","message":"{\"method\":\"GET\",\"url\":\"/vendor/unread-count\",\"status\":\"200\",\"responseTime\":\"133.993\"}","timestamp":"2024-10-30T09:53:14.471Z"}
{"level":"info","message":"{\"method\":\"GET\",\"url\":\"/vendor/unread-count\",\"status\":\"200\",\"responseTime\":\"120.040\"}","timestamp":"2024-10-30T09:53:14.483Z"}
{"level":"info","message":"{\"method\":\"GET\",\"url\":\"/vendor/fetchAuditoriumDetails/66e3f158ebbcf3a47b4e768e\",\"status\":\"200\",\"responseTime\":\"63.158\"}","timestamp":"2024-10-30T09:53:14.522Z"}
{"level":"info","message":"{\"method\":\"GET\",\"url\":\"/vendor/fetchAuditoriumDetails/66e3f158ebbcf3a47b4e768e\",\"status\":\"200\",\"responseTime\":\"97.271\"}","timestamp":"2024-10-30T09:53:14.646Z"}
{"level":"info","message":"{\"method\":\"GET\",\"url\":\"/vendor/fetchFoodDetails/66e3f158ebbcf3a47b4e768e\",\"status\":\"200\",\"responseTime\":\"109.254\"}","timestamp":"2024-10-30T09:53:14.691Z"}
{"level":"info","message":"{\"method\":\"GET\",\"url\":\"/vendor/fetchReviews/66e3f158ebbcf3a47b4e768e\",\"status\":\"404\",\"responseTime\":\"60.506\"}","timestamp":"2024-10-30T09:53:14.764Z"}
{"level":"info","message":"{\"method\":\"GET\",\"url\":\"/vendor/fetchFoodDetails/66e3f158ebbcf3a47b4e768e\",\"status\":\"200\",\"responseTime\":\"123.305\"}","timestamp":"2024-10-30T09:53:14.782Z"}
{"level":"info","message":"{\"method\":\"GET\",\"url\":\"/vendor/fetchReviews/66e3f158ebbcf3a47b4e768e\",\"status\":\"404\",\"responseTime\":\"113.109\"}","timestamp":"2024-10-30T09:53:14.943Z"}
{"level":"info","message":"{\"method\":\"GET\",\"url\":\"/vendor/unread-count\",\"status\":\"200\",\"responseTime\":\"291.083\"}","timestamp":"2024-10-30T09:53:27.522Z"}
{"level":"info","message":"{\"method\":\"GET\",\"url\":\"/vendor/unread-count\",\"status\":\"200\",\"responseTime\":\"283.810\"}","timestamp":"2024-10-30T09:53:27.526Z"}
{"level":"info","message":"{\"method\":\"PATCH\",\"url\":\"/vendor/editVendorDetails\",\"status\":\"400\",\"responseTime\":\"60.118\"}","timestamp":"2024-10-30T09:53:46.557Z"}
{"level":"info","message":"{\"method\":\"GET\",\"url\":\"/vendor/fetchDetailsVendor/66e3f158ebbcf3a47b4e768e\",\"status\":\"200\",\"responseTime\":\"38.195\"}","timestamp":"2024-10-30T09:54:03.509Z"}
{"level":"info","message":"{\"method\":\"GET\",\"url\":\"/vendor/fetchDetailsVendor/66e3f158ebbcf3a47b4e768e\",\"status\":\"200\",\"responseTime\":\"104.899\"}","timestamp":"2024-10-30T09:54:03.592Z"}
{"level":"info","message":"{\"method\":\"GET\",\"url\":\"/vendor/unread-count\",\"status\":\"200\",\"responseTime\":\"141.887\"}","timestamp":"2024-10-30T09:54:03.602Z"}
{"level":"info","message":"{\"method\":\"GET\",\"url\":\"/vendor/fetchAuditoriumDetails/66e3f158ebbcf3a47b4e768e\",\"status\":\"200\",\"responseTime\":\"62.380\"}","timestamp":"2024-10-30T09:54:03.640Z"}
{"level":"info","message":"{\"method\":\"GET\",\"url\":\"/vendor/unread-count\",\"status\":\"200\",\"responseTime\":\"166.834\"}","timestamp":"2024-10-30T09:54:03.646Z"}
{"level":"info","message":"{\"method\":\"GET\",\"url\":\"/vendor/fetchAuditoriumDetails/66e3f158ebbcf3a47b4e768e\",\"status\":\"200\",\"responseTime\":\"328.712\"}","timestamp":"2024-10-30T09:54:04.041Z"}
{"level":"info","message":"{\"method\":\"GET\",\"url\":\"/vendor/fetchFoodDetails/66e3f158ebbcf3a47b4e768e\",\"status\":\"200\",\"responseTime\":\"340.368\"}","timestamp":"2024-10-30T09:54:04.061Z"}
{"level":"info","message":"{\"method\":\"GET\",\"url\":\"/vendor/fetchFoodDetails/66e3f158ebbcf3a47b4e768e\",\"status\":\"200\",\"responseTime\":\"84.166\"}","timestamp":"2024-10-30T09:54:04.149Z"}
{"level":"info","message":"{\"method\":\"GET\",\"url\":\"/vendor/fetchReviews/66e3f158ebbcf3a47b4e768e\",\"status\":\"404\",\"responseTime\":\"78.203\"}","timestamp":"2024-10-30T09:54:04.152Z"}
{"level":"info","message":"{\"method\":\"GET\",\"url\":\"/vendor/fetchReviews/66e3f158ebbcf3a47b4e768e\",\"status\":\"404\",\"responseTime\":\"145.382\"}","timestamp":"2024-10-30T09:54:04.303Z"}
{"level":"info","message":"{\"method\":\"GET\",\"url\":\"/vendor/fetchDetailsVendor/66e3f158ebbcf3a47b4e768e\",\"status\":\"200\",\"responseTime\":\"268.306\"}","timestamp":"2024-10-30T09:54:11.876Z"}
{"level":"info","message":"{\"method\":\"GET\",\"url\":\"/vendor/unread-count\",\"status\":\"200\",\"responseTime\":\"444.167\"}","timestamp":"2024-10-30T09:54:11.880Z"}
{"level":"info","message":"{\"method\":\"GET\",\"url\":\"/vendor/fetchAuditoriumDetails/66e3f158ebbcf3a47b4e768e\",\"status\":\"200\",\"responseTime\":\"92.111\"}","timestamp":"2024-10-30T09:54:11.981Z"}
{"level":"info","message":"{\"method\":\"GET\",\"url\":\"/vendor/fetchFoodDetails/66e3f158ebbcf3a47b4e768e\",\"status\":\"200\",\"responseTime\":\"220.437\"}","timestamp":"2024-10-30T09:54:12.211Z"}
{"level":"info","message":"{\"method\":\"GET\",\"url\":\"/vendor/fetchReviews/66e3f158ebbcf3a47b4e768e\",\"status\":\"404\",\"responseTime\":\"56.313\"}","timestamp":"2024-10-30T09:54:12.275Z"}
{"level":"info","message":"{\"method\":\"GET\",\"url\":\"/vendor/getPresignedUrl?fileName=background.jpg&fileType=image%2Fjpeg\",\"status\":\"400\",\"responseTime\":\"72.698\"}","timestamp":"2024-10-30T09:54:26.567Z"}
{"level":"info","message":"{\"method\":\"POST\",\"url\":\"/vendor/serviceImage/\",\"status\":\"200\",\"responseTime\":\"382.336\"}","timestamp":"2024-10-30T09:54:26.989Z"}
{"level":"info","message":"{\"method\":\"GET\",\"url\":\"/vendor/unread-count\",\"status\":\"200\",\"responseTime\":\"165.713\"}","timestamp":"2024-10-30T09:54:46.749Z"}
{"level":"info","message":"{\"method\":\"GET\",\"url\":\"/vendor/unread-count\",\"status\":\"200\",\"responseTime\":\"196.203\"}","timestamp":"2024-10-30T09:54:46.798Z"}
{"level":"info","message":"{\"method\":\"GET\",\"url\":\"/chat/company/66e3f158ebbcf3a47b4e768e\",\"status\":\"200\",\"responseTime\":\"104.532\"}","timestamp":"2024-10-30T09:54:46.840Z"}
{"level":"info","message":"{\"method\":\"GET\",\"url\":\"/chat/message/67075d969b0164cc5d7022b6\",\"status\":\"404\",\"responseTime\":\"348.727\"}","timestamp":"2024-10-30T09:54:49.023Z"}
{"level":"info","message":"{\"method\":\"GET\",\"url\":\"/chat/message/67169c408848b78cf8031e8f\",\"status\":\"200\",\"responseTime\":\"2082.620\"}","timestamp":"2024-10-30T09:54:56.722Z"}
{"level":"info","message":"{\"method\":\"POST\",\"url\":\"/chat/message\",\"status\":\"200\",\"responseTime\":\"598.521\"}","timestamp":"2024-10-30T09:55:03.114Z"}
{"level":"info","message":"{\"method\":\"GET\",\"url\":\"/user/vendors\",\"status\":\"200\",\"responseTime\":\"157.963\"}","timestamp":"2024-10-30T09:55:18.375Z"}
{"level":"info","message":"{\"method\":\"GET\",\"url\":\"/user/vendors\",\"status\":\"200\",\"responseTime\":\"154.394\"}","timestamp":"2024-10-30T09:55:18.381Z"}
{"level":"info","message":"{\"method\":\"GET\",\"url\":\"/vendor/unread-count\",\"status\":\"401\",\"responseTime\":\"1.889\"}","timestamp":"2024-10-30T09:55:21.685Z"}
{"level":"info","message":"{\"method\":\"GET\",\"url\":\"/vendor/unread-count\",\"status\":\"401\",\"responseTime\":\"1.315\"}","timestamp":"2024-10-30T09:55:21.689Z"}
{"level":"info","message":"{\"method\":\"GET\",\"url\":\"/vendor/unread-count\",\"status\":\"401\",\"responseTime\":\"1.105\"}","timestamp":"2024-10-30T09:55:26.857Z"}
{"level":"info","message":"{\"method\":\"GET\",\"url\":\"/vendor/unread-count\",\"status\":\"401\",\"responseTime\":\"1.062\"}","timestamp":"2024-10-30T09:55:26.862Z"}
{"level":"info","message":"{\"method\":\"GET\",\"url\":\"/vendor/unread-count\",\"status\":\"401\",\"responseTime\":\"1.230\"}","timestamp":"2024-10-30T09:55:32.564Z"}
{"level":"info","message":"{\"method\":\"GET\",\"url\":\"/user/vendors\",\"status\":\"200\",\"responseTime\":\"321.261\"}","timestamp":"2024-10-30T09:55:40.951Z"}
{"level":"info","message":"{\"method\":\"GET\",\"url\":\"/user/vendors\",\"status\":\"200\",\"responseTime\":\"321.001\"}","timestamp":"2024-10-30T09:55:40.955Z"}
{"level":"info","message":"{\"method\":\"GET\",\"url\":\"/user/vendors\",\"status\":\"200\",\"responseTime\":\"73.612\"}","timestamp":"2024-10-30T10:05:35.487Z"}
{"level":"info","message":"{\"method\":\"GET\",\"url\":\"/user/vendors\",\"status\":\"200\",\"responseTime\":\"97.254\"}","timestamp":"2024-10-30T10:05:54.509Z"}
{"level":"info","message":"{\"method\":\"GET\",\"url\":\"/user/vendors\",\"status\":\"200\",\"responseTime\":\"152.755\"}","timestamp":"2024-10-30T10:09:40.276Z"}
{"level":"info","message":"{\"method\":\"GET\",\"url\":\"/user/vendors\",\"status\":\"200\",\"responseTime\":\"75.434\"}","timestamp":"2024-10-30T10:10:34.765Z"}
{"level":"info","message":"{\"method\":\"GET\",\"url\":\"/user/vendors\",\"status\":\"200\",\"responseTime\":\"36.938\"}","timestamp":"2024-10-30T10:12:19.382Z"}
{"level":"info","message":"{\"method\":\"GET\",\"url\":\"/user/vendors\",\"status\":\"200\",\"responseTime\":\"40.004\"}","timestamp":"2024-10-30T10:12:59.634Z"}
{"level":"info","message":"{\"method\":\"GET\",\"url\":\"/user/vendors\",\"status\":\"200\",\"responseTime\":\"38.629\"}","timestamp":"2024-10-30T10:15:30.499Z"}
{"level":"info","message":"{\"method\":\"GET\",\"url\":\"/user/vendors\",\"status\":\"200\",\"responseTime\":\"38.957\"}","timestamp":"2024-10-30T10:16:34.338Z"}
{"level":"info","message":"{\"method\":\"GET\",\"url\":\"/user/vendors\",\"status\":\"200\",\"responseTime\":\"38.410\"}","timestamp":"2024-10-30T10:17:24.996Z"}
{"level":"info","message":"{\"method\":\"GET\",\"url\":\"/user/vendors\",\"status\":\"200\",\"responseTime\":\"41.721\"}","timestamp":"2024-10-30T10:17:40.094Z"}
{"level":"info","message":"{\"method\":\"POST\",\"url\":\"/user/login\",\"status\":\"200\",\"responseTime\":\"121.269\"}","timestamp":"2024-10-30T10:17:54.051Z"}
{"level":"info","message":"{\"method\":\"GET\",\"url\":\"/user/vendors\",\"status\":\"200\",\"responseTime\":\"37.926\"}","timestamp":"2024-10-30T10:17:55.671Z"}
{"level":"info","message":"{\"method\":\"GET\",\"url\":\"/user/vendors\",\"status\":\"200\",\"responseTime\":\"48.634\"}","timestamp":"2024-10-30T10:18:02.060Z"}
{"level":"info","message":"{\"method\":\"GET\",\"url\":\"/user/vendors\",\"status\":\"200\",\"responseTime\":\"61.638\"}","timestamp":"2024-10-30T10:18:02.066Z"}
{"level":"info","message":"{\"method\":\"GET\",\"url\":\"/user/fetchReview?vendorId=66e3f158ebbcf3a47b4e768e&userId=67169bd88848b78cf8031e7c\",\"status\":\"200\",\"responseTime\":\"56.385\"}","timestamp":"2024-10-30T10:18:07.453Z"}
{"level":"info","message":"{\"method\":\"GET\",\"url\":\"/user/fetchVendorDetails?vendorId=66e3f158ebbcf3a47b4e768e&userId=67169bd88848b78cf8031e7c\",\"status\":\"200\",\"responseTime\":\"239.205\"}","timestamp":"2024-10-30T10:18:07.632Z"}
{"level":"info","message":"{\"method\":\"GET\",\"url\":\"/user/slots/66e3f158ebbcf3a47b4e768e\",\"status\":\"200\",\"responseTime\":\"55.965\"}","timestamp":"2024-10-30T10:18:19.502Z"}
{"level":"info","message":"{\"method\":\"GET\",\"url\":\"/chat/message/67169c408848b78cf8031e8f\",\"status\":\"200\",\"responseTime\":\"273.510\"}","timestamp":"2024-10-30T10:18:26.485Z"}
{"level":"info","message":"{\"method\":\"GET\",\"url\":\"/chat/message/67169c408848b78cf8031e8f\",\"status\":\"200\",\"responseTime\":\"273.036\"}","timestamp":"2024-10-30T10:18:26.490Z"}
{"level":"info","message":"{\"method\":\"GET\",\"url\":\"/user/fetchReview?vendorId=66e3f158ebbcf3a47b4e768e&userId=67169bd88848b78cf8031e7c\",\"status\":\"200\",\"responseTime\":\"162.273\"}","timestamp":"2024-10-30T10:18:28.377Z"}
{"level":"info","message":"{\"method\":\"GET\",\"url\":\"/user/fetchVendorDetails?vendorId=66e3f158ebbcf3a47b4e768e&userId=67169bd88848b78cf8031e7c\",\"status\":\"200\",\"responseTime\":\"176.012\"}","timestamp":"2024-10-30T10:18:28.383Z"}
{"level":"info","message":"{\"method\":\"GET\",\"url\":\"/user/fetchReview?vendorId=66e3f158ebbcf3a47b4e768e&userId=67169bd88848b78cf8031e7c\",\"status\":\"200\",\"responseTime\":\"48.376\"}","timestamp":"2024-10-30T10:18:32.748Z"}
{"level":"info","message":"{\"method\":\"GET\",\"url\":\"/user/fetchVendorDetails?vendorId=66e3f158ebbcf3a47b4e768e&userId=67169bd88848b78cf8031e7c\",\"status\":\"200\",\"responseTime\":\"89.526\"}","timestamp":"2024-10-30T10:18:32.787Z"}
{"level":"info","message":"{\"method\":\"GET\",\"url\":\"/user/vendors\",\"status\":\"304\",\"responseTime\":\"179.160\"}","timestamp":"2024-10-30T12:47:39.709Z"}
{"level":"info","message":"{\"method\":\"GET\",\"url\":\"/user/vendors\",\"status\":\"304\",\"responseTime\":\"53.064\"}","timestamp":"2024-10-30T12:51:28.972Z"}
