{"level":"info","message":"{\"method\":\"GET\",\"url\":\"/user/vendors\",\"status\":\"304\",\"responseTime\":\"650.388\"}","timestamp":"2024-10-21T10:07:16.532Z"}
{"level":"info","message":"{\"method\":\"GET\",\"url\":\"/user/vendors\",\"status\":\"304\",\"responseTime\":\"63.804\"}","timestamp":"2024-10-21T10:07:16.643Z"}
{"level":"info","message":"{\"method\":\"POST\",\"url\":\"/user/login\",\"status\":\"200\",\"responseTime\":\"223.578\"}","timestamp":"2024-10-21T10:07:35.633Z"}
{"level":"info","message":"{\"method\":\"GET\",\"url\":\"/user/vendors\",\"status\":\"304\",\"responseTime\":\"358.327\"}","timestamp":"2024-10-21T10:07:36.934Z"}
{"level":"info","message":"{\"method\":\"GET\",\"url\":\"/user/vendors\",\"status\":\"304\",\"responseTime\":\"289.775\"}","timestamp":"2024-10-21T10:07:37.227Z"}
{"level":"info","message":"{\"method\":\"GET\",\"url\":\"/user/vendors\",\"status\":\"304\",\"responseTime\":\"38.988\"}","timestamp":"2024-10-21T10:07:41.695Z"}
{"level":"info","message":"{\"method\":\"GET\",\"url\":\"/user/vendors\",\"status\":\"304\",\"responseTime\":\"37.000\"}","timestamp":"2024-10-21T10:07:41.734Z"}
{"level":"info","message":"{\"method\":\"GET\",\"url\":\"/user/vendors\",\"status\":\"304\",\"responseTime\":\"37.300\"}","timestamp":"2024-10-21T10:07:41.775Z"}
{"level":"info","message":"{\"method\":\"GET\",\"url\":\"/user/vendors\",\"status\":\"304\",\"responseTime\":\"46.516\"}","timestamp":"2024-10-21T10:07:41.826Z"}
{"level":"info","message":"{\"method\":\"GET\",\"url\":\"/user/vendors\",\"status\":\"304\",\"responseTime\":\"39.148\"}","timestamp":"2024-10-21T10:07:42.009Z"}
{"level":"info","message":"{\"method\":\"GET\",\"url\":\"/user/fetchVendorDetails?vendorId=66e3f158ebbcf3a47b4e768e&userId=67139b1ad55621cefa12d681\",\"status\":\"304\",\"responseTime\":\"87.883\"}","timestamp":"2024-10-21T10:07:50.101Z"}
{"level":"info","message":"{\"method\":\"GET\",\"url\":\"/user/fetchReview?vendorId=66e3f158ebbcf3a47b4e768e&userId=67139b1ad55621cefa12d681\",\"status\":\"304\",\"responseTime\":\"396.163\"}","timestamp":"2024-10-21T10:07:50.416Z"}
{"level":"info","message":"{\"method\":\"GET\",\"url\":\"/user/vendors\",\"status\":\"304\",\"responseTime\":\"34.580\"}","timestamp":"2024-10-21T10:07:56.373Z"}
{"level":"info","message":"{\"method\":\"GET\",\"url\":\"/user/vendors\",\"status\":\"304\",\"responseTime\":\"33.253\"}","timestamp":"2024-10-21T10:07:56.411Z"}
{"level":"info","message":"{\"method\":\"GET\",\"url\":\"/user/vendors\",\"status\":\"304\",\"responseTime\":\"195.830\"}","timestamp":"2024-10-21T10:07:56.609Z"}
{"level":"info","message":"{\"method\":\"GET\",\"url\":\"/user/vendors\",\"status\":\"304\",\"responseTime\":\"38.865\"}","timestamp":"2024-10-21T10:07:56.652Z"}
{"level":"info","message":"{\"method\":\"GET\",\"url\":\"/user/vendors\",\"status\":\"304\",\"responseTime\":\"225.528\"}","timestamp":"2024-10-21T10:07:56.880Z"}
{"level":"info","message":"{\"method\":\"POST\",\"url\":\"/user/login\",\"status\":\"200\",\"responseTime\":\"2539.578\"}","timestamp":"2024-10-21T11:51:40.506Z"}
{"level":"info","message":"{\"method\":\"POST\",\"url\":\"/user/login\",\"status\":\"200\",\"responseTime\":\"1284.258\"}","timestamp":"2024-10-21T11:51:41.501Z"}
{"level":"info","message":"{\"method\":\"GET\",\"url\":\"/user/vendors\",\"status\":\"304\",\"responseTime\":\"100.545\"}","timestamp":"2024-10-21T11:51:43.804Z"}
{"level":"info","message":"{\"method\":\"GET\",\"url\":\"/user/vendors\",\"status\":\"304\",\"responseTime\":\"424.761\"}","timestamp":"2024-10-21T11:51:44.233Z"}
{"level":"info","message":"{\"method\":\"GET\",\"url\":\"/user/vendors\",\"status\":\"304\",\"responseTime\":\"39.632\"}","timestamp":"2024-10-21T11:51:50.626Z"}
{"level":"info","message":"{\"method\":\"GET\",\"url\":\"/user/vendors\",\"status\":\"304\",\"responseTime\":\"41.670\"}","timestamp":"2024-10-21T11:51:50.671Z"}
{"level":"info","message":"{\"method\":\"GET\",\"url\":\"/user/vendors\",\"status\":\"304\",\"responseTime\":\"34.902\"}","timestamp":"2024-10-21T11:51:50.708Z"}
{"level":"info","message":"{\"method\":\"GET\",\"url\":\"/user/vendors\",\"status\":\"304\",\"responseTime\":\"216.851\"}","timestamp":"2024-10-21T11:51:50.927Z"}
{"level":"info","message":"{\"method\":\"GET\",\"url\":\"/user/vendors\",\"status\":\"304\",\"responseTime\":\"36.702\"}","timestamp":"2024-10-21T11:51:50.973Z"}
{"level":"info","message":"{\"method\":\"POST\",\"url\":\"/user/login\",\"status\":\"400\",\"responseTime\":\"1412.937\"}","timestamp":"2024-10-21T13:04:26.333Z"}
{"level":"info","message":"{\"method\":\"POST\",\"url\":\"/user/login\",\"status\":\"200\",\"responseTime\":\"292.132\"}","timestamp":"2024-10-21T13:04:43.271Z"}
{"level":"info","message":"{\"method\":\"GET\",\"url\":\"/user/vendors\",\"status\":\"304\",\"responseTime\":\"162.382\"}","timestamp":"2024-10-21T13:04:44.512Z"}
{"level":"info","message":"{\"method\":\"GET\",\"url\":\"/user/vendors\",\"status\":\"304\",\"responseTime\":\"94.905\"}","timestamp":"2024-10-21T13:04:44.610Z"}
{"level":"info","message":"{\"method\":\"GET\",\"url\":\"/user/vendors\",\"status\":\"304\",\"responseTime\":\"323.007\"}","timestamp":"2024-10-21T13:04:50.948Z"}
{"level":"info","message":"{\"method\":\"GET\",\"url\":\"/user/vendors\",\"status\":\"304\",\"responseTime\":\"332.828\"}","timestamp":"2024-10-21T13:04:51.284Z"}
{"level":"info","message":"{\"method\":\"GET\",\"url\":\"/user/vendors\",\"status\":\"304\",\"responseTime\":\"290.332\"}","timestamp":"2024-10-21T13:04:51.577Z"}
{"level":"info","message":"{\"method\":\"GET\",\"url\":\"/user/vendors\",\"status\":\"304\",\"responseTime\":\"431.629\"}","timestamp":"2024-10-21T13:04:52.013Z"}
{"level":"info","message":"{\"method\":\"GET\",\"url\":\"/user/vendors\",\"status\":\"304\",\"responseTime\":\"172.958\"}","timestamp":"2024-10-21T13:04:52.189Z"}
{"level":"info","message":"{\"method\":\"GET\",\"url\":\"/user/searchUsers?term=peace\",\"status\":\"200\",\"responseTime\":\"114.222\"}","timestamp":"2024-10-21T13:05:03.793Z"}
{"level":"info","message":"{\"method\":\"GET\",\"url\":\"/user/vendors\",\"status\":\"304\",\"responseTime\":\"37.866\"}","timestamp":"2024-10-21T13:05:05.526Z"}
{"level":"info","message":"{\"method\":\"GET\",\"url\":\"/user/vendors\",\"status\":\"200\",\"responseTime\":\"1191.975\"}","timestamp":"2024-10-21T13:16:59.396Z"}
{"level":"info","message":"{\"method\":\"GET\",\"url\":\"/user/vendors\",\"status\":\"304\",\"responseTime\":\"356.692\"}","timestamp":"2024-10-21T13:16:59.763Z"}
{"level":"info","message":"{\"method\":\"GET\",\"url\":\"/vendor/unread-count\",\"status\":\"401\",\"responseTime\":\"14.326\"}","timestamp":"2024-10-21T13:17:19.939Z"}
{"level":"info","message":"{\"method\":\"GET\",\"url\":\"/vendor/unread-count\",\"status\":\"401\",\"responseTime\":\"5.541\"}","timestamp":"2024-10-21T13:17:19.952Z"}
{"level":"info","message":"{\"method\":\"POST\",\"url\":\"/vendor/login\",\"status\":\"200\",\"responseTime\":\"1721.780\"}","timestamp":"2024-10-21T13:17:21.994Z"}
{"level":"info","message":"{\"method\":\"GET\",\"url\":\"/vendor/unread-count\",\"status\":\"200\",\"responseTime\":\"323.305\"}","timestamp":"2024-10-21T13:17:28.770Z"}
{"level":"info","message":"{\"method\":\"GET\",\"url\":\"/vendor/unread-count\",\"status\":\"304\",\"responseTime\":\"202.559\"}","timestamp":"2024-10-21T13:17:28.989Z"}
{"level":"info","message":"{\"method\":\"GET\",\"url\":\"/vendor/fetchDetailsVendor/66e3f158ebbcf3a47b4e768e\",\"status\":\"200\",\"responseTime\":\"620.206\"}","timestamp":"2024-10-21T13:17:29.099Z"}
{"level":"info","message":"{\"method\":\"GET\",\"url\":\"/vendor/fetchDetailsVendor/66e3f158ebbcf3a47b4e768e\",\"status\":\"304\",\"responseTime\":\"35.606\"}","timestamp":"2024-10-21T13:17:29.140Z"}
{"level":"info","message":"{\"method\":\"GET\",\"url\":\"/vendor/fetchAuditoriumDetails/66e3f158ebbcf3a47b4e768e\",\"status\":\"304\",\"responseTime\":\"49.866\"}","timestamp":"2024-10-21T13:17:29.159Z"}
{"level":"info","message":"{\"method\":\"GET\",\"url\":\"/vendor/fetchAuditoriumDetails/66e3f158ebbcf3a47b4e768e\",\"status\":\"304\",\"responseTime\":\"43.366\"}","timestamp":"2024-10-21T13:17:29.230Z"}
{"level":"info","message":"{\"method\":\"GET\",\"url\":\"/vendor/fetchFoodDetails/66e3f158ebbcf3a47b4e768e\",\"status\":\"304\",\"responseTime\":\"114.342\"}","timestamp":"2024-10-21T13:17:29.306Z"}
{"level":"info","message":"{\"method\":\"GET\",\"url\":\"/vendor/fetchFoodDetails/66e3f158ebbcf3a47b4e768e\",\"status\":\"304\",\"responseTime\":\"50.837\"}","timestamp":"2024-10-21T13:17:29.360Z"}
{"level":"info","message":"{\"method\":\"GET\",\"url\":\"/vendor/fetchReviews/66e3f158ebbcf3a47b4e768e\",\"status\":\"200\",\"responseTime\":\"93.996\"}","timestamp":"2024-10-21T13:17:29.407Z"}
{"level":"info","message":"{\"method\":\"GET\",\"url\":\"/vendor/fetchReviews/66e3f158ebbcf3a47b4e768e\",\"status\":\"304\",\"responseTime\":\"77.976\"}","timestamp":"2024-10-21T13:17:29.489Z"}
{"level":"info","message":"{\"method\":\"GET\",\"url\":\"/vendor/unread-count\",\"status\":\"304\",\"responseTime\":\"71.749\"}","timestamp":"2024-10-21T13:17:37.355Z"}
{"level":"info","message":"{\"method\":\"GET\",\"url\":\"/vendor/unread-count\",\"status\":\"304\",\"responseTime\":\"71.761\"}","timestamp":"2024-10-21T13:17:37.429Z"}
{"level":"info","message":"{\"method\":\"GET\",\"url\":\"/vendor/fetchDetailsVendor/66e3f158ebbcf3a47b4e768e\",\"status\":\"304\",\"responseTime\":\"391.700\"}","timestamp":"2024-10-21T13:24:26.082Z"}
{"level":"info","message":"{\"method\":\"GET\",\"url\":\"/vendor/unread-count\",\"status\":\"304\",\"responseTime\":\"410.853\"}","timestamp":"2024-10-21T13:24:26.087Z"}
{"level":"info","message":"{\"method\":\"GET\",\"url\":\"/vendor/fetchDetailsVendor/66e3f158ebbcf3a47b4e768e\",\"status\":\"304\",\"responseTime\":\"41.537\"}","timestamp":"2024-10-21T13:24:26.132Z"}
{"level":"info","message":"{\"method\":\"GET\",\"url\":\"/vendor/fetchAuditoriumDetails/66e3f158ebbcf3a47b4e768e\",\"status\":\"304\",\"responseTime\":\"51.121\"}","timestamp":"2024-10-21T13:24:26.142Z"}
{"level":"info","message":"{\"method\":\"GET\",\"url\":\"/vendor/fetchAuditoriumDetails/66e3f158ebbcf3a47b4e768e\",\"status\":\"304\",\"responseTime\":\"171.705\"}","timestamp":"2024-10-21T13:24:26.317Z"}
{"level":"info","message":"{\"method\":\"GET\",\"url\":\"/vendor/fetchFoodDetails/66e3f158ebbcf3a47b4e768e\",\"status\":\"304\",\"responseTime\":\"254.248\"}","timestamp":"2024-10-21T13:24:26.404Z"}
{"level":"info","message":"{\"method\":\"GET\",\"url\":\"/vendor/fetchReviews/66e3f158ebbcf3a47b4e768e\",\"status\":\"304\",\"responseTime\":\"137.439\"}","timestamp":"2024-10-21T13:24:26.552Z"}
{"level":"info","message":"{\"method\":\"GET\",\"url\":\"/vendor/fetchFoodDetails/66e3f158ebbcf3a47b4e768e\",\"status\":\"304\",\"responseTime\":\"198.297\"}","timestamp":"2024-10-21T13:24:26.610Z"}
{"level":"info","message":"{\"method\":\"GET\",\"url\":\"/vendor/unread-count\",\"status\":\"304\",\"responseTime\":\"825.922\"}","timestamp":"2024-10-21T13:24:26.920Z"}
{"level":"info","message":"{\"method\":\"GET\",\"url\":\"/vendor/fetchReviews/66e3f158ebbcf3a47b4e768e\",\"status\":\"304\",\"responseTime\":\"353.788\"}","timestamp":"2024-10-21T13:24:26.971Z"}
{"level":"info","message":"{\"method\":\"GET\",\"url\":\"/vendor/unread-count\",\"status\":\"304\",\"responseTime\":\"332.477\"}","timestamp":"2024-10-21T13:24:40.058Z"}
{"level":"info","message":"{\"method\":\"GET\",\"url\":\"/vendor/unread-count\",\"status\":\"304\",\"responseTime\":\"493.936\"}","timestamp":"2024-10-21T13:24:40.554Z"}
{"level":"info","message":"{\"method\":\"GET\",\"url\":\"/vendor/vendorBookingDetils/66e3f158ebbcf3a47b4e768e\",\"status\":\"200\",\"responseTime\":\"2292.086\"}","timestamp":"2024-10-21T13:24:42.028Z"}
{"level":"info","message":"{\"method\":\"GET\",\"url\":\"/vendor/fetchDetailsVendor/66e3f158ebbcf3a47b4e768e\",\"status\":\"304\",\"responseTime\":\"34.330\"}","timestamp":"2024-10-21T13:24:42.127Z"}
{"level":"info","message":"{\"method\":\"GET\",\"url\":\"/vendor/unread-count\",\"status\":\"304\",\"responseTime\":\"78.634\"}","timestamp":"2024-10-21T13:24:42.164Z"}
{"level":"info","message":"{\"method\":\"GET\",\"url\":\"/vendor/fetchDetailsVendor/66e3f158ebbcf3a47b4e768e\",\"status\":\"304\",\"responseTime\":\"47.956\"}","timestamp":"2024-10-21T13:24:42.182Z"}
{"level":"info","message":"{\"method\":\"GET\",\"url\":\"/vendor/unread-count\",\"status\":\"304\",\"responseTime\":\"342.831\"}","timestamp":"2024-10-21T13:24:42.512Z"}
{"level":"info","message":"{\"method\":\"GET\",\"url\":\"/vendor/vendorBookingDetils/66e3f158ebbcf3a47b4e768e\",\"status\":\"304\",\"responseTime\":\"1039.895\"}","timestamp":"2024-10-21T13:24:43.072Z"}
{"level":"info","message":"{\"method\":\"GET\",\"url\":\"/vendor/fetchAuditoriumDetails/66e3f158ebbcf3a47b4e768e\",\"status\":\"304\",\"responseTime\":\"944.553\"}","timestamp":"2024-10-21T13:24:43.085Z"}
{"level":"info","message":"{\"method\":\"GET\",\"url\":\"/vendor/fetchAuditoriumDetails/66e3f158ebbcf3a47b4e768e\",\"status\":\"304\",\"responseTime\":\"187.152\"}","timestamp":"2024-10-21T13:24:43.277Z"}
{"level":"info","message":"{\"method\":\"GET\",\"url\":\"/vendor/fetchFoodDetails/66e3f158ebbcf3a47b4e768e\",\"status\":\"304\",\"responseTime\":\"322.915\"}","timestamp":"2024-10-21T13:24:43.419Z"}
{"level":"info","message":"{\"method\":\"GET\",\"url\":\"/vendor/fetchFoodDetails/66e3f158ebbcf3a47b4e768e\",\"status\":\"304\",\"responseTime\":\"48.915\"}","timestamp":"2024-10-21T13:24:43.470Z"}
{"level":"info","message":"{\"method\":\"GET\",\"url\":\"/vendor/fetchReviews/66e3f158ebbcf3a47b4e768e\",\"status\":\"304\",\"responseTime\":\"81.129\"}","timestamp":"2024-10-21T13:24:43.507Z"}
{"level":"info","message":"{\"method\":\"GET\",\"url\":\"/vendor/fetchReviews/66e3f158ebbcf3a47b4e768e\",\"status\":\"304\",\"responseTime\":\"62.645\"}","timestamp":"2024-10-21T13:24:43.572Z"}
{"level":"info","message":"{\"method\":\"GET\",\"url\":\"/vendor/unread-count\",\"status\":\"304\",\"responseTime\":\"64.988\"}","timestamp":"2024-10-21T13:24:45.118Z"}
{"level":"info","message":"{\"method\":\"GET\",\"url\":\"/vendor/unread-count\",\"status\":\"304\",\"responseTime\":\"72.068\"}","timestamp":"2024-10-21T13:24:45.192Z"}
{"level":"info","message":"{\"method\":\"GET\",\"url\":\"/user/vendors\",\"status\":\"304\",\"responseTime\":\"149.137\"}","timestamp":"2024-10-21T13:29:33.521Z"}
{"level":"info","message":"{\"method\":\"GET\",\"url\":\"/user/vendors\",\"status\":\"304\",\"responseTime\":\"63.658\"}","timestamp":"2024-10-21T13:29:33.598Z"}
{"level":"info","message":"{\"method\":\"POST\",\"url\":\"/admin/login\",\"status\":\"200\",\"responseTime\":\"65.398\"}","timestamp":"2024-10-21T13:29:57.512Z"}
{"level":"info","message":"{\"method\":\"GET\",\"url\":\"/admin/dashboard\",\"status\":\"200\",\"responseTime\":\"333.191\"}","timestamp":"2024-10-21T13:30:04.421Z"}
{"level":"info","message":"{\"method\":\"GET\",\"url\":\"/admin/dashboard\",\"status\":\"304\",\"responseTime\":\"749.679\"}","timestamp":"2024-10-21T13:30:05.175Z"}
{"level":"info","message":"{\"method\":\"GET\",\"url\":\"/admin/getAllUsers\",\"status\":\"200\",\"responseTime\":\"114.737\"}","timestamp":"2024-10-21T13:30:09.936Z"}
{"level":"info","message":"{\"method\":\"GET\",\"url\":\"/admin/getAllUsers\",\"status\":\"304\",\"responseTime\":\"529.056\"}","timestamp":"2024-10-21T13:30:10.469Z"}
{"level":"info","message":"{\"method\":\"GET\",\"url\":\"/admin/getAllVendors\",\"status\":\"200\",\"responseTime\":\"68.819\"}","timestamp":"2024-10-21T13:30:16.902Z"}
{"level":"info","message":"{\"method\":\"GET\",\"url\":\"/admin/getAllVendors\",\"status\":\"304\",\"responseTime\":\"70.006\"}","timestamp":"2024-10-21T13:30:16.975Z"}
{"level":"info","message":"{\"method\":\"GET\",\"url\":\"/admin/getAllBookings\",\"status\":\"200\",\"responseTime\":\"499.412\"}","timestamp":"2024-10-21T13:30:21.256Z"}
{"level":"info","message":"{\"method\":\"GET\",\"url\":\"/admin/getAllBookings\",\"status\":\"304\",\"responseTime\":\"116.440\"}","timestamp":"2024-10-21T13:30:21.375Z"}
{"level":"info","message":"{\"method\":\"GET\",\"url\":\"/admin/dashboard\",\"status\":\"304\",\"responseTime\":\"139.345\"}","timestamp":"2024-10-21T13:30:49.155Z"}
{"level":"info","message":"{\"method\":\"GET\",\"url\":\"/admin/dashboard\",\"status\":\"304\",\"responseTime\":\"136.068\"}","timestamp":"2024-10-21T13:30:49.295Z"}
{"level":"info","message":"{\"method\":\"GET\",\"url\":\"/user/vendors\",\"status\":\"304\",\"responseTime\":\"823.906\"}","timestamp":"2024-10-21T13:30:53.228Z"}
{"level":"info","message":"{\"method\":\"GET\",\"url\":\"/user/vendors\",\"status\":\"304\",\"responseTime\":\"40.894\"}","timestamp":"2024-10-21T13:30:53.271Z"}
{"level":"info","message":"{\"method\":\"GET\",\"url\":\"/user/vendors\",\"status\":\"304\",\"responseTime\":\"171.347\"}","timestamp":"2024-10-21T14:08:13.433Z"}
{"level":"info","message":"{\"method\":\"GET\",\"url\":\"/user/vendors\",\"status\":\"304\",\"responseTime\":\"39.366\"}","timestamp":"2024-10-21T14:08:13.486Z"}
{"level":"info","message":"{\"method\":\"GET\",\"url\":\"/vendor/unread-count\",\"status\":\"401\",\"responseTime\":\"11.186\"}","timestamp":"2024-10-21T14:08:23.096Z"}
{"level":"info","message":"{\"method\":\"GET\",\"url\":\"/vendor/unread-count\",\"status\":\"401\",\"responseTime\":\"1.548\"}","timestamp":"2024-10-21T14:08:23.102Z"}
{"level":"info","message":"{\"method\":\"POST\",\"url\":\"/vendor/login\",\"status\":\"200\",\"responseTime\":\"82.279\"}","timestamp":"2024-10-21T14:08:24.208Z"}
{"level":"info","message":"{\"method\":\"GET\",\"url\":\"/vendor/fetchDetailsVendor/66e3f158ebbcf3a47b4e768e\",\"status\":\"304\",\"responseTime\":\"207.065\"}","timestamp":"2024-10-21T14:08:26.551Z"}
{"level":"info","message":"{\"method\":\"GET\",\"url\":\"/vendor/unread-count\",\"status\":\"304\",\"responseTime\":\"270.065\"}","timestamp":"2024-10-21T14:08:26.578Z"}
{"level":"info","message":"{\"method\":\"GET\",\"url\":\"/vendor/fetchDetailsVendor/66e3f158ebbcf3a47b4e768e\",\"status\":\"304\",\"responseTime\":\"31.297\"}","timestamp":"2024-10-21T14:08:26.588Z"}
{"level":"info","message":"{\"method\":\"GET\",\"url\":\"/vendor/fetchAuditoriumDetails/66e3f158ebbcf3a47b4e768e\",\"status\":\"304\",\"responseTime\":\"47.985\"}","timestamp":"2024-10-21T14:08:26.604Z"}
{"level":"info","message":"{\"method\":\"GET\",\"url\":\"/vendor/fetchAuditoriumDetails/66e3f158ebbcf3a47b4e768e\",\"status\":\"304\",\"responseTime\":\"29.932\"}","timestamp":"2024-10-21T14:08:26.640Z"}
{"level":"info","message":"{\"method\":\"GET\",\"url\":\"/vendor/unread-count\",\"status\":\"304\",\"responseTime\":\"73.762\"}","timestamp":"2024-10-21T14:08:26.654Z"}
{"level":"info","message":"{\"method\":\"GET\",\"url\":\"/vendor/fetchFoodDetails/66e3f158ebbcf3a47b4e768e\",\"status\":\"304\",\"responseTime\":\"292.000\"}","timestamp":"2024-10-21T14:08:26.904Z"}
{"level":"info","message":"{\"method\":\"GET\",\"url\":\"/vendor/fetchReviews/66e3f158ebbcf3a47b4e768e\",\"status\":\"304\",\"responseTime\":\"89.798\"}","timestamp":"2024-10-21T14:08:27.001Z"}
{"level":"info","message":"{\"method\":\"GET\",\"url\":\"/vendor/fetchFoodDetails/66e3f158ebbcf3a47b4e768e\",\"status\":\"304\",\"responseTime\":\"119.359\"}","timestamp":"2024-10-21T14:08:27.026Z"}
{"level":"info","message":"{\"method\":\"GET\",\"url\":\"/vendor/fetchReviews/66e3f158ebbcf3a47b4e768e\",\"status\":\"304\",\"responseTime\":\"70.832\"}","timestamp":"2024-10-21T14:08:27.101Z"}
{"level":"info","message":"{\"method\":\"GET\",\"url\":\"/vendor/unread-count\",\"status\":\"304\",\"responseTime\":\"73.270\"}","timestamp":"2024-10-21T14:08:31.353Z"}
{"level":"info","message":"{\"method\":\"GET\",\"url\":\"/vendor/unread-count\",\"status\":\"304\",\"responseTime\":\"63.365\"}","timestamp":"2024-10-21T14:08:31.419Z"}
{"level":"info","message":"{\"method\":\"GET\",\"url\":\"/vendor/fetchDetailsVendor/66e3f158ebbcf3a47b4e768e\",\"status\":\"304\",\"responseTime\":\"33.905\"}","timestamp":"2024-10-21T14:08:41.103Z"}
{"level":"info","message":"{\"method\":\"GET\",\"url\":\"/vendor/unread-count\",\"status\":\"304\",\"responseTime\":\"65.610\"}","timestamp":"2024-10-21T14:08:41.129Z"}
{"level":"info","message":"{\"method\":\"GET\",\"url\":\"/vendor/fetchDetailsVendor/66e3f158ebbcf3a47b4e768e\",\"status\":\"304\",\"responseTime\":\"31.975\"}","timestamp":"2024-10-21T14:08:41.137Z"}
{"level":"info","message":"{\"method\":\"GET\",\"url\":\"/vendor/fetchAuditoriumDetails/66e3f158ebbcf3a47b4e768e\",\"status\":\"304\",\"responseTime\":\"35.730\"}","timestamp":"2024-10-21T14:08:41.143Z"}
{"level":"info","message":"{\"method\":\"GET\",\"url\":\"/vendor/fetchAuditoriumDetails/66e3f158ebbcf3a47b4e768e\",\"status\":\"304\",\"responseTime\":\"39.898\"}","timestamp":"2024-10-21T14:08:41.185Z"}
{"level":"info","message":"{\"method\":\"GET\",\"url\":\"/vendor/unread-count\",\"status\":\"304\",\"responseTime\":\"61.519\"}","timestamp":"2024-10-21T14:08:41.195Z"}
{"level":"info","message":"{\"method\":\"GET\",\"url\":\"/vendor/fetchFoodDetails/66e3f158ebbcf3a47b4e768e\",\"status\":\"304\",\"responseTime\":\"81.931\"}","timestamp":"2024-10-21T14:08:41.229Z"}
{"level":"info","message":"{\"method\":\"GET\",\"url\":\"/vendor/fetchFoodDetails/66e3f158ebbcf3a47b4e768e\",\"status\":\"304\",\"responseTime\":\"47.502\"}","timestamp":"2024-10-21T14:08:41.280Z"}
{"level":"info","message":"{\"method\":\"GET\",\"url\":\"/vendor/fetchReviews/66e3f158ebbcf3a47b4e768e\",\"status\":\"304\",\"responseTime\":\"66.485\"}","timestamp":"2024-10-21T14:08:41.302Z"}
{"level":"info","message":"{\"method\":\"GET\",\"url\":\"/vendor/fetchReviews/66e3f158ebbcf3a47b4e768e\",\"status\":\"304\",\"responseTime\":\"65.096\"}","timestamp":"2024-10-21T14:08:41.369Z"}
{"level":"info","message":"{\"method\":\"GET\",\"url\":\"/user/vendors\",\"status\":\"304\",\"responseTime\":\"215.688\"}","timestamp":"2024-10-21T14:08:47.977Z"}
{"level":"info","message":"{\"method\":\"GET\",\"url\":\"/user/vendors\",\"status\":\"304\",\"responseTime\":\"58.781\"}","timestamp":"2024-10-21T14:08:48.038Z"}
{"level":"info","message":"{\"method\":\"GET\",\"url\":\"/vendor/unread-count\",\"status\":\"401\",\"responseTime\":\"1.076\"}","timestamp":"2024-10-21T14:09:08.298Z"}
{"level":"info","message":"{\"method\":\"GET\",\"url\":\"/vendor/unread-count\",\"status\":\"401\",\"responseTime\":\"1.256\"}","timestamp":"2024-10-21T14:09:08.303Z"}
{"level":"info","message":"{\"method\":\"GET\",\"url\":\"/vendor/unread-count\",\"status\":\"401\",\"responseTime\":\"0.667\"}","timestamp":"2024-10-21T14:09:19.904Z"}
{"level":"info","message":"{\"method\":\"GET\",\"url\":\"/vendor/unread-count\",\"status\":\"401\",\"responseTime\":\"0.651\"}","timestamp":"2024-10-21T14:09:19.909Z"}
{"level":"info","message":"{\"method\":\"POST\",\"url\":\"/vendor/signup\",\"status\":\"200\",\"responseTime\":\"3169.834\"}","timestamp":"2024-10-21T14:10:28.677Z"}
{"level":"info","message":"{\"method\":\"POST\",\"url\":\"/vendor/verifyOtp\",\"status\":\"200\",\"responseTime\":\"110.203\"}","timestamp":"2024-10-21T14:10:43.450Z"}
{"level":"info","message":"{\"method\":\"GET\",\"url\":\"/vendor/unread-count\",\"status\":\"401\",\"responseTime\":\"2.260\"}","timestamp":"2024-10-21T14:10:43.662Z"}
{"level":"info","message":"{\"method\":\"GET\",\"url\":\"/vendor/unread-count\",\"status\":\"401\",\"responseTime\":\"0.501\"}","timestamp":"2024-10-21T14:10:43.664Z"}
{"level":"info","message":"{\"method\":\"GET\",\"url\":\"/vendor/unread-count\",\"status\":\"401\",\"responseTime\":\"12.013\"}","timestamp":"2024-10-21T14:26:42.416Z"}
{"level":"info","message":"{\"method\":\"GET\",\"url\":\"/vendor/unread-count\",\"status\":\"401\",\"responseTime\":\"0.485\"}","timestamp":"2024-10-21T14:26:42.428Z"}
{"level":"info","message":"{\"method\":\"POST\",\"url\":\"/vendor/signup\",\"status\":\"200\",\"responseTime\":\"2833.175\"}","timestamp":"2024-10-21T14:27:02.078Z"}
{"level":"info","message":"{\"method\":\"POST\",\"url\":\"/vendor/verifyOtp\",\"status\":\"200\",\"responseTime\":\"104.958\"}","timestamp":"2024-10-21T14:27:19.504Z"}
{"level":"info","message":"{\"method\":\"GET\",\"url\":\"/vendor/unread-count\",\"status\":\"401\",\"responseTime\":\"0.866\"}","timestamp":"2024-10-21T14:27:19.706Z"}
{"level":"info","message":"{\"method\":\"GET\",\"url\":\"/vendor/unread-count\",\"status\":\"401\",\"responseTime\":\"0.612\"}","timestamp":"2024-10-21T14:27:19.709Z"}
{"level":"info","message":"{\"method\":\"POST\",\"url\":\"/vendor/signup\",\"status\":\"200\",\"responseTime\":\"2635.477\"}","timestamp":"2024-10-21T14:34:46.270Z"}
{"level":"info","message":"{\"method\":\"POST\",\"url\":\"/vendor/signup\",\"status\":\"200\",\"responseTime\":\"2476.332\"}","timestamp":"2024-10-21T14:34:48.736Z"}
{"level":"info","message":"{\"method\":\"POST\",\"url\":\"/vendor/verifyOtp\",\"status\":\"200\",\"responseTime\":\"112.689\"}","timestamp":"2024-10-21T14:35:01.732Z"}
{"level":"info","message":"{\"method\":\"GET\",\"url\":\"/vendor/unread-count\",\"status\":\"401\",\"responseTime\":\"1.973\"}","timestamp":"2024-10-21T14:35:01.983Z"}
{"level":"info","message":"{\"method\":\"GET\",\"url\":\"/vendor/unread-count\",\"status\":\"401\",\"responseTime\":\"1.789\"}","timestamp":"2024-10-21T14:35:01.987Z"}
{"level":"info","message":"{\"method\":\"GET\",\"url\":\"/user/vendors\",\"status\":\"200\",\"responseTime\":\"703.580\"}","timestamp":"2024-10-21T18:13:10.946Z"}
{"level":"info","message":"{\"method\":\"GET\",\"url\":\"/user/vendors\",\"status\":\"304\",\"responseTime\":\"948.203\"}","timestamp":"2024-10-21T18:13:11.926Z"}
{"level":"info","message":"{\"method\":\"POST\",\"url\":\"/user/signup\",\"status\":\"400\",\"responseTime\":\"594.966\"}","timestamp":"2024-10-21T18:19:45.415Z"}
{"level":"info","message":"{\"method\":\"POST\",\"url\":\"/user/signup\",\"status\":\"400\",\"responseTime\":\"516.693\"}","timestamp":"2024-10-21T18:19:52.820Z"}
{"level":"info","message":"{\"method\":\"POST\",\"url\":\"/user/signup\",\"status\":\"200\",\"responseTime\":\"11701.903\"}","timestamp":"2024-10-21T18:22:24.570Z"}
{"level":"info","message":"{\"method\":\"POST\",\"url\":\"/user/verifyOtp\",\"status\":\"200\",\"responseTime\":\"730.063\"}","timestamp":"2024-10-21T18:22:32.346Z"}
{"level":"info","message":"{\"method\":\"POST\",\"url\":\"/user/login\",\"status\":\"200\",\"responseTime\":\"585.240\"}","timestamp":"2024-10-21T18:22:55.710Z"}
{"level":"info","message":"{\"method\":\"GET\",\"url\":\"/user/vendors\",\"status\":\"304\",\"responseTime\":\"319.358\"}","timestamp":"2024-10-21T18:22:57.757Z"}
{"level":"info","message":"{\"method\":\"GET\",\"url\":\"/user/vendors\",\"status\":\"304\",\"responseTime\":\"394.233\"}","timestamp":"2024-10-21T18:22:58.155Z"}
{"level":"info","message":"{\"method\":\"GET\",\"url\":\"/user/vendors\",\"status\":\"304\",\"responseTime\":\"402.812\"}","timestamp":"2024-10-21T18:23:04.300Z"}
{"level":"info","message":"{\"method\":\"GET\",\"url\":\"/user/vendors\",\"status\":\"304\",\"responseTime\":\"403.335\"}","timestamp":"2024-10-21T18:23:04.709Z"}
{"level":"info","message":"{\"method\":\"GET\",\"url\":\"/user/vendors\",\"status\":\"304\",\"responseTime\":\"201.996\"}","timestamp":"2024-10-21T18:23:04.914Z"}
{"level":"info","message":"{\"method\":\"GET\",\"url\":\"/user/vendors\",\"status\":\"304\",\"responseTime\":\"403.458\"}","timestamp":"2024-10-21T18:23:05.323Z"}
{"level":"info","message":"{\"method\":\"GET\",\"url\":\"/user/vendors\",\"status\":\"304\",\"responseTime\":\"200.985\"}","timestamp":"2024-10-21T18:23:05.528Z"}
{"level":"info","message":"{\"method\":\"GET\",\"url\":\"/user/fetchReview?vendorId=66e3f158ebbcf3a47b4e768e&userId=67169bd88848b78cf8031e7c\",\"status\":\"200\",\"responseTime\":\"396.933\"}","timestamp":"2024-10-21T18:24:00.208Z"}
{"level":"info","message":"{\"method\":\"GET\",\"url\":\"/user/fetchVendorDetails?vendorId=66e3f158ebbcf3a47b4e768e&userId=67169bd88848b78cf8031e7c\",\"status\":\"200\",\"responseTime\":\"816.157\"}","timestamp":"2024-10-21T18:24:00.621Z"}
{"level":"info","message":"{\"method\":\"GET\",\"url\":\"/user/fetchReview?vendorId=66e3f158ebbcf3a47b4e768e&userId=67169bd88848b78cf8031e7c\",\"status\":\"304\",\"responseTime\":\"265.621\"}","timestamp":"2024-10-21T18:24:19.050Z"}
{"level":"info","message":"{\"method\":\"GET\",\"url\":\"/user/fetchVendorDetails?vendorId=66e3f158ebbcf3a47b4e768e&userId=67169bd88848b78cf8031e7c\",\"status\":\"304\",\"responseTime\":\"471.153\"}","timestamp":"2024-10-21T18:24:19.250Z"}
{"level":"info","message":"{\"method\":\"GET\",\"url\":\"/user/userunread-count?userId=67169bd88848b78cf8031e7c\",\"status\":\"200\",\"responseTime\":\"593.229\"}","timestamp":"2024-10-21T18:24:54.888Z"}
{"level":"info","message":"{\"method\":\"PATCH\",\"url\":\"/user/edituserDetails\",\"status\":\"200\",\"responseTime\":\"529.785\"}","timestamp":"2024-10-21T18:25:06.149Z"}
{"level":"info","message":"{\"method\":\"GET\",\"url\":\"/user/fetchBookingDetails/67169bd88848b78cf8031e7c\",\"status\":\"200\",\"responseTime\":\"489.950\"}","timestamp":"2024-10-21T18:25:12.291Z"}
{"level":"info","message":"{\"method\":\"GET\",\"url\":\"/user/fetchBookingDetails/67169bd88848b78cf8031e7c\",\"status\":\"304\",\"responseTime\":\"201.402\"}","timestamp":"2024-10-21T18:25:12.496Z"}
{"level":"info","message":"{\"method\":\"GET\",\"url\":\"/user/fetchNotifications?userId=67169bd88848b78cf8031e7c\",\"status\":\"200\",\"responseTime\":\"1439.549\"}","timestamp":"2024-10-21T18:25:19.271Z"}
{"level":"info","message":"{\"method\":\"GET\",\"url\":\"/chat/usercompany/67169bd88848b78cf8031e7c\",\"status\":\"200\",\"responseTime\":\"448.532\"}","timestamp":"2024-10-21T18:25:25.224Z"}
{"level":"info","message":"{\"method\":\"GET\",\"url\":\"/user/userunread-count?userId=67169bd88848b78cf8031e7c\",\"status\":\"304\",\"responseTime\":\"418.900\"}","timestamp":"2024-10-21T18:25:28.268Z"}
{"level":"info","message":"{\"method\":\"GET\",\"url\":\"/user/fetchNotifications?userId=67169bd88848b78cf8031e7c\",\"status\":\"304\",\"responseTime\":\"629.661\"}","timestamp":"2024-10-21T18:25:28.475Z"}
{"level":"info","message":"{\"method\":\"GET\",\"url\":\"/user/vendors\",\"status\":\"304\",\"responseTime\":\"264.770\"}","timestamp":"2024-10-21T18:25:40.325Z"}
{"level":"info","message":"{\"method\":\"GET\",\"url\":\"/user/vendors\",\"status\":\"304\",\"responseTime\":\"113.691\"}","timestamp":"2024-10-21T18:25:40.442Z"}
{"level":"info","message":"{\"method\":\"GET\",\"url\":\"/user/vendors\",\"status\":\"304\",\"responseTime\":\"447.364\"}","timestamp":"2024-10-21T18:25:41.886Z"}
{"level":"info","message":"{\"method\":\"GET\",\"url\":\"/user/vendors\",\"status\":\"304\",\"responseTime\":\"282.851\"}","timestamp":"2024-10-21T18:25:42.171Z"}
{"level":"info","message":"{\"method\":\"GET\",\"url\":\"/user/vendors\",\"status\":\"304\",\"responseTime\":\"552.418\"}","timestamp":"2024-10-21T18:25:42.726Z"}
{"level":"info","message":"{\"method\":\"GET\",\"url\":\"/user/vendors\",\"status\":\"304\",\"responseTime\":\"287.221\"}","timestamp":"2024-10-21T18:25:43.017Z"}
{"level":"info","message":"{\"method\":\"GET\",\"url\":\"/user/vendors\",\"status\":\"304\",\"responseTime\":\"198.579\"}","timestamp":"2024-10-21T18:25:43.218Z"}
{"level":"info","message":"{\"method\":\"GET\",\"url\":\"/user/vendors\",\"status\":\"304\",\"responseTime\":\"380.760\"}","timestamp":"2024-10-21T18:25:49.162Z"}
{"level":"info","message":"{\"method\":\"GET\",\"url\":\"/user/vendors\",\"status\":\"304\",\"responseTime\":\"211.153\"}","timestamp":"2024-10-21T18:25:49.377Z"}
{"level":"info","message":"{\"method\":\"GET\",\"url\":\"/user/vendors\",\"status\":\"304\",\"responseTime\":\"201.606\"}","timestamp":"2024-10-21T18:25:52.848Z"}
{"level":"info","message":"{\"method\":\"GET\",\"url\":\"/user/vendors\",\"status\":\"304\",\"responseTime\":\"134.747\"}","timestamp":"2024-10-21T18:25:52.984Z"}
{"level":"info","message":"{\"method\":\"GET\",\"url\":\"/user/vendors\",\"status\":\"304\",\"responseTime\":\"592.112\"}","timestamp":"2024-10-21T18:25:53.578Z"}
{"level":"info","message":"{\"method\":\"GET\",\"url\":\"/user/vendors\",\"status\":\"304\",\"responseTime\":\"371.873\"}","timestamp":"2024-10-21T18:25:53.959Z"}
{"level":"info","message":"{\"method\":\"GET\",\"url\":\"/user/vendors\",\"status\":\"304\",\"responseTime\":\"294.457\"}","timestamp":"2024-10-21T18:25:54.257Z"}
{"level":"info","message":"{\"method\":\"GET\",\"url\":\"/user/vendors\",\"status\":\"304\",\"responseTime\":\"195.560\"}","timestamp":"2024-10-21T18:26:05.950Z"}
{"level":"info","message":"{\"method\":\"GET\",\"url\":\"/user/vendors\",\"status\":\"304\",\"responseTime\":\"217.816\"}","timestamp":"2024-10-21T18:26:06.171Z"}
