{"level":"info","message":"{\"method\":\"GET\",\"url\":\"/user/vendors\",\"status\":\"304\",\"responseTime\":\"194.958\"}","timestamp":"2024-10-23T18:30:01.114Z"}
{"level":"info","message":"{\"method\":\"GET\",\"url\":\"/user/vendors\",\"status\":\"304\",\"responseTime\":\"174.678\"}","timestamp":"2024-10-23T18:30:01.309Z"}
{"level":"info","message":"{\"method\":\"GET\",\"url\":\"/user/fetchReview?vendorId=66e8ff82cefa89a2e4d838f7&userId=67169bd88848b78cf8031e7c\",\"status\":\"200\",\"responseTime\":\"251.214\"}","timestamp":"2024-10-23T18:30:03.588Z"}
{"level":"info","message":"{\"method\":\"GET\",\"url\":\"/user/fetchVendorDetails?vendorId=66e8ff82cefa89a2e4d838f7&userId=67169bd88848b78cf8031e7c\",\"status\":\"200\",\"responseTime\":\"440.101\"}","timestamp":"2024-10-23T18:30:03.779Z"}
{"level":"info","message":"{\"method\":\"GET\",\"url\":\"/user/fetchVendorDetails?vendorId=66e8ff82cefa89a2e4d838f7&userId=67169bd88848b78cf8031e7c\",\"status\":\"304\",\"responseTime\":\"94.134\"}","timestamp":"2024-10-23T18:30:15.232Z"}
{"level":"info","message":"{\"method\":\"GET\",\"url\":\"/user/fetchReview?vendorId=66e8ff82cefa89a2e4d838f7&userId=67169bd88848b78cf8031e7c\",\"status\":\"304\",\"responseTime\":\"114.621\"}","timestamp":"2024-10-23T18:30:15.254Z"}
{"level":"info","message":"{\"method\":\"GET\",\"url\":\"/user/fetchReview?vendorId=66e8ff82cefa89a2e4d838f7&userId=67169bd88848b78cf8031e7c\",\"status\":\"304\",\"responseTime\":\"2459.439\"}","timestamp":"2024-10-23T18:31:43.938Z"}
{"level":"info","message":"{\"method\":\"GET\",\"url\":\"/user/fetchVendorDetails?vendorId=66e8ff82cefa89a2e4d838f7&userId=67169bd88848b78cf8031e7c\",\"status\":\"200\",\"responseTime\":\"2840.077\"}","timestamp":"2024-10-23T18:31:44.308Z"}
{"level":"info","message":"{\"method\":\"GET\",\"url\":\"/user/fetchReview?vendorId=66e8ff82cefa89a2e4d838f7&userId=67169bd88848b78cf8031e7c\",\"status\":\"304\",\"responseTime\":\"115.855\"}","timestamp":"2024-10-23T18:31:50.460Z"}
{"level":"info","message":"{\"method\":\"GET\",\"url\":\"/user/fetchVendorDetails?vendorId=66e8ff82cefa89a2e4d838f7&userId=67169bd88848b78cf8031e7c\",\"status\":\"304\",\"responseTime\":\"229.475\"}","timestamp":"2024-10-23T18:31:50.570Z"}
{"level":"info","message":"{\"method\":\"GET\",\"url\":\"/user/fetchFoodDetails/66e8ff82cefa89a2e4d838f7\",\"status\":\"200\",\"responseTime\":\"163.641\"}","timestamp":"2024-10-23T18:32:01.532Z"}
{"level":"info","message":"{\"method\":\"GET\",\"url\":\"/user/fetchFoodDetails/66e8ff82cefa89a2e4d838f7\",\"status\":\"304\",\"responseTime\":\"178.128\"}","timestamp":"2024-10-23T18:32:01.713Z"}
{"level":"info","message":"{\"method\":\"GET\",\"url\":\"/user/fetchdishes/67134aa010693f34badaedae\",\"status\":\"200\",\"responseTime\":\"109.711\"}","timestamp":"2024-10-23T18:32:05.412Z"}
{"level":"info","message":"{\"method\":\"GET\",\"url\":\"/user/fetchdishes/67134aa010693f34badaedae\",\"status\":\"304\",\"responseTime\":\"187.936\"}","timestamp":"2024-10-23T18:32:05.603Z"}
{"level":"info","message":"{\"method\":\"GET\",\"url\":\"/user/fetchFoodDetails/66e8ff82cefa89a2e4d838f7\",\"status\":\"304\",\"responseTime\":\"131.320\"}","timestamp":"2024-10-23T18:32:07.169Z"}
{"level":"info","message":"{\"method\":\"GET\",\"url\":\"/user/fetchFoodDetails/66e8ff82cefa89a2e4d838f7\",\"status\":\"304\",\"responseTime\":\"174.578\"}","timestamp":"2024-10-23T18:32:07.349Z"}
{"level":"info","message":"{\"method\":\"GET\",\"url\":\"/user/fetchAuditoriumDetails/66e8ff82cefa89a2e4d838f7\",\"status\":\"200\",\"responseTime\":\"177.181\"}","timestamp":"2024-10-23T18:32:10.929Z"}
{"level":"info","message":"{\"method\":\"GET\",\"url\":\"/user/fetchAuditoriumDetails/66e8ff82cefa89a2e4d838f7\",\"status\":\"304\",\"responseTime\":\"124.607\"}","timestamp":"2024-10-23T18:32:11.057Z"}
{"level":"info","message":"{\"method\":\"GET\",\"url\":\"/user/fetchauditorium/67134b2b10693f34badaedee\",\"status\":\"200\",\"responseTime\":\"123.473\"}","timestamp":"2024-10-23T18:32:13.182Z"}
{"level":"info","message":"{\"method\":\"GET\",\"url\":\"/user/fetchauditorium/67134b2b10693f34badaedee\",\"status\":\"304\",\"responseTime\":\"129.481\"}","timestamp":"2024-10-23T18:32:13.313Z"}
{"level":"info","message":"{\"method\":\"GET\",\"url\":\"/user/fetchAuditoriumDetails/66e8ff82cefa89a2e4d838f7\",\"status\":\"304\",\"responseTime\":\"122.179\"}","timestamp":"2024-10-23T18:32:19.223Z"}
{"level":"info","message":"{\"method\":\"GET\",\"url\":\"/user/fetchAuditoriumDetails/66e8ff82cefa89a2e4d838f7\",\"status\":\"304\",\"responseTime\":\"101.716\"}","timestamp":"2024-10-23T18:32:19.327Z"}
