{"level":"info","message":"{\"method\":\"GET\",\"url\":\"/user/vendors\",\"status\":\"304\",\"responseTime\":\"400.605\"}","timestamp":"2024-10-20T13:56:02.545Z"}
{"level":"info","message":"{\"method\":\"GET\",\"url\":\"/user/vendors\",\"status\":\"304\",\"responseTime\":\"392.270\"}","timestamp":"2024-10-20T13:56:02.967Z"}
{"level":"info","message":"{\"method\":\"POST\",\"url\":\"/user/login\",\"status\":\"200\",\"responseTime\":\"432.791\"}","timestamp":"2024-10-20T13:56:28.838Z"}
{"level":"info","message":"{\"method\":\"GET\",\"url\":\"/user/vendors\",\"status\":\"304\",\"responseTime\":\"279.328\"}","timestamp":"2024-10-20T13:56:30.340Z"}
{"level":"info","message":"{\"method\":\"GET\",\"url\":\"/user/vendors\",\"status\":\"304\",\"responseTime\":\"167.545\"}","timestamp":"2024-10-20T13:56:30.513Z"}
{"level":"info","message":"{\"method\":\"GET\",\"url\":\"/user/vendors\",\"status\":\"304\",\"responseTime\":\"436.445\"}","timestamp":"2024-10-20T13:56:35.879Z"}
{"level":"info","message":"{\"method\":\"GET\",\"url\":\"/user/vendors\",\"status\":\"304\",\"responseTime\":\"445.626\"}","timestamp":"2024-10-20T13:56:36.334Z"}
{"level":"info","message":"{\"method\":\"GET\",\"url\":\"/user/vendors\",\"status\":\"304\",\"responseTime\":\"446.417\"}","timestamp":"2024-10-20T13:56:36.787Z"}
{"level":"info","message":"{\"method\":\"GET\",\"url\":\"/user/vendors\",\"status\":\"304\",\"responseTime\":\"360.988\"}","timestamp":"2024-10-20T13:56:37.153Z"}
{"level":"info","message":"{\"method\":\"GET\",\"url\":\"/user/fetchReview?vendorId=66e3f158ebbcf3a47b4e768e&userId=67139b1ad55621cefa12d681\",\"status\":\"304\",\"responseTime\":\"781.858\"}","timestamp":"2024-10-20T13:56:48.600Z"}
{"level":"info","message":"{\"method\":\"GET\",\"url\":\"/user/fetchVendorDetails?vendorId=66e3f158ebbcf3a47b4e768e&userId=67139b1ad55621cefa12d681\",\"status\":\"304\",\"responseTime\":\"803.225\"}","timestamp":"2024-10-20T13:56:48.607Z"}
{"level":"info","message":"{\"method\":\"GET\",\"url\":\"/user/fetchVendorDetails?vendorId=66e3f158ebbcf3a47b4e768e&userId=67139b1ad55621cefa12d681\",\"status\":\"304\",\"responseTime\":\"147.736\"}","timestamp":"2024-10-20T13:57:48.508Z"}
{"level":"info","message":"{\"method\":\"GET\",\"url\":\"/user/fetchReview?vendorId=66e3f158ebbcf3a47b4e768e&userId=67139b1ad55621cefa12d681\",\"status\":\"304\",\"responseTime\":\"156.623\"}","timestamp":"2024-10-20T13:57:48.521Z"}
{"level":"info","message":"{\"method\":\"GET\",\"url\":\"/user/fetchVendorDetails?vendorId=66e3f158ebbcf3a47b4e768e&userId=67139b1ad55621cefa12d681\",\"status\":\"304\",\"responseTime\":\"759.251\"}","timestamp":"2024-10-20T13:58:08.011Z"}
{"level":"info","message":"{\"method\":\"GET\",\"url\":\"/user/fetchReview?vendorId=66e3f158ebbcf3a47b4e768e&userId=67139b1ad55621cefa12d681\",\"status\":\"304\",\"responseTime\":\"772.561\"}","timestamp":"2024-10-20T13:58:08.030Z"}
{"level":"info","message":"{\"method\":\"GET\",\"url\":\"/user/fetchReview?vendorId=66e3f158ebbcf3a47b4e768e&userId=67139b1ad55621cefa12d681\",\"status\":\"304\",\"responseTime\":\"179.179\"}","timestamp":"2024-10-20T14:01:28.701Z"}
{"level":"info","message":"{\"method\":\"GET\",\"url\":\"/user/fetchVendorDetails?vendorId=66e3f158ebbcf3a47b4e768e&userId=67139b1ad55621cefa12d681\",\"status\":\"304\",\"responseTime\":\"180.850\"}","timestamp":"2024-10-20T14:01:28.704Z"}
{"level":"info","message":"{\"method\":\"GET\",\"url\":\"/user/vendors\",\"status\":\"304\",\"responseTime\":\"84.459\"}","timestamp":"2024-10-20T14:01:33.735Z"}
{"level":"info","message":"{\"method\":\"GET\",\"url\":\"/user/vendors\",\"status\":\"304\",\"responseTime\":\"146.266\"}","timestamp":"2024-10-20T14:01:33.884Z"}
{"level":"info","message":"{\"method\":\"GET\",\"url\":\"/user/vendors\",\"status\":\"304\",\"responseTime\":\"441.768\"}","timestamp":"2024-10-20T14:02:22.214Z"}
{"level":"info","message":"{\"method\":\"GET\",\"url\":\"/user/vendors\",\"status\":\"304\",\"responseTime\":\"370.301\"}","timestamp":"2024-10-20T14:02:22.586Z"}
{"level":"info","message":"{\"method\":\"GET\",\"url\":\"/user/vendors\",\"status\":\"304\",\"responseTime\":\"432.634\"}","timestamp":"2024-10-20T14:02:25.285Z"}
{"level":"info","message":"{\"method\":\"GET\",\"url\":\"/user/vendors\",\"status\":\"304\",\"responseTime\":\"427.916\"}","timestamp":"2024-10-20T14:02:25.715Z"}
{"level":"info","message":"{\"method\":\"GET\",\"url\":\"/user/vendors\",\"status\":\"304\",\"responseTime\":\"434.840\"}","timestamp":"2024-10-20T14:02:26.152Z"}
{"level":"info","message":"{\"method\":\"GET\",\"url\":\"/user/vendors\",\"status\":\"304\",\"responseTime\":\"412.501\"}","timestamp":"2024-10-20T14:02:26.567Z"}
{"level":"info","message":"{\"method\":\"GET\",\"url\":\"/vendor/unread-count\",\"status\":\"401\",\"responseTime\":\"6.819\"}","timestamp":"2024-10-20T14:02:38.069Z"}
{"level":"info","message":"{\"method\":\"GET\",\"url\":\"/vendor/unread-count\",\"status\":\"401\",\"responseTime\":\"3.945\"}","timestamp":"2024-10-20T14:02:38.079Z"}
{"level":"info","message":"{\"method\":\"GET\",\"url\":\"/user/vendors\",\"status\":\"304\",\"responseTime\":\"348.696\"}","timestamp":"2024-10-20T14:03:12.391Z"}
{"level":"info","message":"{\"method\":\"GET\",\"url\":\"/user/vendors\",\"status\":\"304\",\"responseTime\":\"263.587\"}","timestamp":"2024-10-20T14:03:12.657Z"}
{"level":"info","message":"{\"method\":\"GET\",\"url\":\"/user/vendors\",\"status\":\"304\",\"responseTime\":\"85.490\"}","timestamp":"2024-10-20T14:03:12.746Z"}
{"level":"info","message":"{\"method\":\"GET\",\"url\":\"/user/vendors\",\"status\":\"304\",\"responseTime\":\"89.449\"}","timestamp":"2024-10-20T14:03:12.838Z"}
{"level":"info","message":"{\"method\":\"GET\",\"url\":\"/user/vendors\",\"status\":\"304\",\"responseTime\":\"454.815\"}","timestamp":"2024-10-20T14:07:18.910Z"}
{"level":"info","message":"{\"method\":\"GET\",\"url\":\"/user/vendors\",\"status\":\"304\",\"responseTime\":\"449.051\"}","timestamp":"2024-10-20T14:07:19.363Z"}
{"level":"info","message":"{\"method\":\"GET\",\"url\":\"/user/userunread-count?userId=67139b1ad55621cefa12d681\",\"status\":\"304\",\"responseTime\":\"599.262\"}","timestamp":"2024-10-20T14:08:26.319Z"}
{"level":"info","message":"{\"method\":\"GET\",\"url\":\"/user/fetchBookingDetails/67139b1ad55621cefa12d681\",\"status\":\"200\",\"responseTime\":\"825.898\"}","timestamp":"2024-10-20T14:08:32.937Z"}
{"level":"info","message":"{\"method\":\"GET\",\"url\":\"/user/fetchBookingDetails/67139b1ad55621cefa12d681\",\"status\":\"304\",\"responseTime\":\"766.561\"}","timestamp":"2024-10-20T14:08:33.706Z"}
{"level":"info","message":"{\"method\":\"GET\",\"url\":\"/user/fetchBookingDetails/67139b1ad55621cefa12d681\",\"status\":\"304\",\"responseTime\":\"282.821\"}","timestamp":"2024-10-20T14:13:14.760Z"}
{"level":"info","message":"{\"method\":\"GET\",\"url\":\"/user/userunread-count?userId=67139b1ad55621cefa12d681\",\"status\":\"304\",\"responseTime\":\"277.162\"}","timestamp":"2024-10-20T14:13:14.807Z"}
{"level":"info","message":"{\"method\":\"GET\",\"url\":\"/user/fetchBookingDetails/67139b1ad55621cefa12d681\",\"status\":\"304\",\"responseTime\":\"263.205\"}","timestamp":"2024-10-20T14:13:15.025Z"}
{"level":"info","message":"{\"method\":\"GET\",\"url\":\"/user/vendors\",\"status\":\"304\",\"responseTime\":\"139.832\"}","timestamp":"2024-10-20T14:13:20.917Z"}
{"level":"info","message":"{\"method\":\"GET\",\"url\":\"/user/vendors\",\"status\":\"304\",\"responseTime\":\"75.300\"}","timestamp":"2024-10-20T14:13:21.000Z"}
{"level":"info","message":"{\"method\":\"GET\",\"url\":\"/user/vendors\",\"status\":\"304\",\"responseTime\":\"477.852\"}","timestamp":"2024-10-20T14:13:21.481Z"}
{"level":"info","message":"{\"method\":\"GET\",\"url\":\"/user/vendors\",\"status\":\"304\",\"responseTime\":\"474.287\"}","timestamp":"2024-10-20T14:13:21.959Z"}
{"level":"info","message":"{\"method\":\"GET\",\"url\":\"/user/userunread-count?userId=67139b1ad55621cefa12d681\",\"status\":\"304\",\"responseTime\":\"266.485\"}","timestamp":"2024-10-20T14:13:25.904Z"}
{"level":"info","message":"{\"method\":\"GET\",\"url\":\"/user/fetchBookingDetails/67139b1ad55621cefa12d681\",\"status\":\"304\",\"responseTime\":\"606.289\"}","timestamp":"2024-10-20T14:13:28.464Z"}
{"level":"info","message":"{\"method\":\"GET\",\"url\":\"/user/fetchBookingDetails/67139b1ad55621cefa12d681\",\"status\":\"304\",\"responseTime\":\"559.931\"}","timestamp":"2024-10-20T14:13:29.027Z"}
{"level":"info","message":"{\"method\":\"GET\",\"url\":\"/user/fetchBookingDetails/67139b1ad55621cefa12d681\",\"status\":\"304\",\"responseTime\":\"725.139\"}","timestamp":"2024-10-20T14:14:17.207Z"}
{"level":"info","message":"{\"method\":\"GET\",\"url\":\"/user/fetchBookingDetails/67139b1ad55621cefa12d681\",\"status\":\"304\",\"responseTime\":\"738.952\"}","timestamp":"2024-10-20T14:14:17.949Z"}
{"level":"info","message":"{\"method\":\"GET\",\"url\":\"/user/userunread-count?userId=67139b1ad55621cefa12d681\",\"status\":\"304\",\"responseTime\":\"170.516\"}","timestamp":"2024-10-20T14:20:03.532Z"}
{"level":"info","message":"{\"method\":\"GET\",\"url\":\"/user/fetchBookingDetails/67139b1ad55621cefa12d681\",\"status\":\"304\",\"responseTime\":\"213.773\"}","timestamp":"2024-10-20T14:20:03.541Z"}
{"level":"info","message":"{\"method\":\"GET\",\"url\":\"/user/fetchBookingDetails/67139b1ad55621cefa12d681\",\"status\":\"304\",\"responseTime\":\"176.613\"}","timestamp":"2024-10-20T14:20:03.720Z"}
{"level":"info","message":"{\"method\":\"POST\",\"url\":\"/user/review\",\"status\":\"200\",\"responseTime\":\"1362.589\"}","timestamp":"2024-10-20T14:20:17.806Z"}
{"level":"info","message":"{\"method\":\"GET\",\"url\":\"/user/userunread-count?userId=67139b1ad55621cefa12d681\",\"status\":\"304\",\"responseTime\":\"432.787\"}","timestamp":"2024-10-20T14:27:02.347Z"}
{"level":"info","message":"{\"method\":\"GET\",\"url\":\"/user/fetchBookingDetails/67139b1ad55621cefa12d681\",\"status\":\"200\",\"responseTime\":\"504.994\"}","timestamp":"2024-10-20T14:27:02.389Z"}
{"level":"info","message":"{\"method\":\"GET\",\"url\":\"/user/fetchBookingDetails/67139b1ad55621cefa12d681\",\"status\":\"304\",\"responseTime\":\"234.531\"}","timestamp":"2024-10-20T14:27:02.626Z"}
{"level":"info","message":"{\"method\":\"GET\",\"url\":\"/user/vendors\",\"status\":\"200\",\"responseTime\":\"128.569\"}","timestamp":"2024-10-20T14:29:03.361Z"}
{"level":"info","message":"{\"method\":\"GET\",\"url\":\"/user/vendors\",\"status\":\"304\",\"responseTime\":\"223.380\"}","timestamp":"2024-10-20T14:29:03.589Z"}
{"level":"info","message":"{\"method\":\"GET\",\"url\":\"/user/vendors\",\"status\":\"304\",\"responseTime\":\"125.700\"}","timestamp":"2024-10-20T14:31:33.075Z"}
{"level":"info","message":"{\"method\":\"GET\",\"url\":\"/user/vendors\",\"status\":\"304\",\"responseTime\":\"92.183\"}","timestamp":"2024-10-20T14:31:33.170Z"}
{"level":"info","message":"{\"method\":\"GET\",\"url\":\"/user/searchUsers?term=pease\",\"status\":\"200\",\"responseTime\":\"147.571\"}","timestamp":"2024-10-20T14:32:09.274Z"}
{"level":"info","message":"{\"method\":\"GET\",\"url\":\"/user/searchUsers?term=peas\",\"status\":\"200\",\"responseTime\":\"156.202\"}","timestamp":"2024-10-20T14:32:10.276Z"}
{"level":"info","message":"{\"method\":\"GET\",\"url\":\"/user/searchUsers?term=pea\",\"status\":\"200\",\"responseTime\":\"267.270\"}","timestamp":"2024-10-20T14:32:10.758Z"}
{"level":"info","message":"{\"method\":\"GET\",\"url\":\"/user/searchUsers?term=peacw\",\"status\":\"200\",\"responseTime\":\"346.571\"}","timestamp":"2024-10-20T14:32:11.412Z"}
{"level":"info","message":"{\"method\":\"GET\",\"url\":\"/user/searchUsers?term=peace\",\"status\":\"304\",\"responseTime\":\"107.441\"}","timestamp":"2024-10-20T14:32:11.829Z"}
{"level":"info","message":"{\"method\":\"GET\",\"url\":\"/user/vendors\",\"status\":\"304\",\"responseTime\":\"510.706\"}","timestamp":"2024-10-20T14:32:21.531Z"}
{"level":"info","message":"{\"method\":\"GET\",\"url\":\"/user/vendors\",\"status\":\"304\",\"responseTime\":\"275.897\"}","timestamp":"2024-10-20T14:32:21.809Z"}
{"level":"info","message":"{\"method\":\"GET\",\"url\":\"/user/vendors\",\"status\":\"304\",\"responseTime\":\"330.592\"}","timestamp":"2024-10-20T14:32:22.142Z"}
{"level":"info","message":"{\"method\":\"GET\",\"url\":\"/user/vendors\",\"status\":\"304\",\"responseTime\":\"522.243\"}","timestamp":"2024-10-20T14:32:22.666Z"}
{"level":"info","message":"{\"method\":\"GET\",\"url\":\"/user/vendors\",\"status\":\"304\",\"responseTime\":\"531.011\"}","timestamp":"2024-10-20T14:32:23.199Z"}
{"level":"info","message":"{\"method\":\"GET\",\"url\":\"/user/searchUsers?term=peace\",\"status\":\"304\",\"responseTime\":\"402.793\"}","timestamp":"2024-10-20T14:32:25.161Z"}
{"level":"info","message":"{\"method\":\"GET\",\"url\":\"/user/vendors\",\"status\":\"304\",\"responseTime\":\"418.905\"}","timestamp":"2024-10-20T14:32:28.288Z"}
{"level":"info","message":"{\"method\":\"GET\",\"url\":\"/user/searchUsers?term=k\",\"status\":\"200\",\"responseTime\":\"308.356\"}","timestamp":"2024-10-20T14:32:31.354Z"}
{"level":"info","message":"{\"method\":\"GET\",\"url\":\"/user/vendors\",\"status\":\"304\",\"responseTime\":\"86.290\"}","timestamp":"2024-10-20T14:32:33.858Z"}
{"level":"info","message":"{\"method\":\"GET\",\"url\":\"/user/vendors\",\"status\":\"304\",\"responseTime\":\"17898.123\"}","timestamp":"2024-10-20T15:08:38.632Z"}
{"level":"info","message":"{\"method\":\"GET\",\"url\":\"/user/searchUsers?term=%20s\",\"status\":\"200\",\"responseTime\":\"81.906\"}","timestamp":"2024-10-20T15:10:32.511Z"}
{"level":"info","message":"{\"method\":\"GET\",\"url\":\"/user/vendors\",\"status\":\"304\",\"responseTime\":\"84.971\"}","timestamp":"2024-10-20T15:10:32.605Z"}
{"level":"info","message":"{\"method\":\"POST\",\"url\":\"/user/login\",\"status\":\"200\",\"responseTime\":\"241.152\"}","timestamp":"2024-10-20T15:10:42.444Z"}
{"level":"info","message":"{\"method\":\"GET\",\"url\":\"/user/vendors\",\"status\":\"304\",\"responseTime\":\"70.798\"}","timestamp":"2024-10-20T15:10:43.643Z"}
{"level":"info","message":"{\"method\":\"GET\",\"url\":\"/user/vendors\",\"status\":\"304\",\"responseTime\":\"90.021\"}","timestamp":"2024-10-20T15:10:43.735Z"}
{"level":"info","message":"{\"method\":\"GET\",\"url\":\"/user/searchUsers?term=p\",\"status\":\"200\",\"responseTime\":\"72.499\"}","timestamp":"2024-10-20T15:10:46.425Z"}
{"level":"info","message":"{\"method\":\"GET\",\"url\":\"/user/vendors\",\"status\":\"304\",\"responseTime\":\"131.826\"}","timestamp":"2024-10-20T15:10:51.345Z"}
{"level":"info","message":"{\"method\":\"GET\",\"url\":\"/user/vendors\",\"status\":\"304\",\"responseTime\":\"80.359\"}","timestamp":"2024-10-20T15:10:51.428Z"}
{"level":"info","message":"{\"method\":\"GET\",\"url\":\"/user/vendors\",\"status\":\"304\",\"responseTime\":\"74.250\"}","timestamp":"2024-10-20T15:10:51.504Z"}
{"level":"info","message":"{\"method\":\"GET\",\"url\":\"/user/vendors\",\"status\":\"304\",\"responseTime\":\"76.617\"}","timestamp":"2024-10-20T15:10:51.583Z"}
{"level":"info","message":"{\"method\":\"GET\",\"url\":\"/user/searchUsers?term=peac\",\"status\":\"200\",\"responseTime\":\"73.770\"}","timestamp":"2024-10-20T15:10:54.473Z"}
{"level":"info","message":"{\"method\":\"GET\",\"url\":\"/user/searchUsers?term=p\",\"status\":\"304\",\"responseTime\":\"92.984\"}","timestamp":"2024-10-20T15:10:56.080Z"}
{"level":"info","message":"{\"method\":\"GET\",\"url\":\"/user/vendors\",\"status\":\"304\",\"responseTime\":\"108.780\"}","timestamp":"2024-10-20T15:11:06.262Z"}
{"level":"info","message":"{\"method\":\"GET\",\"url\":\"/user/vendors\",\"status\":\"304\",\"responseTime\":\"82.471\"}","timestamp":"2024-10-20T15:11:06.346Z"}
{"level":"info","message":"{\"method\":\"GET\",\"url\":\"/user/vendors\",\"status\":\"304\",\"responseTime\":\"85.003\"}","timestamp":"2024-10-20T15:11:06.433Z"}
{"level":"info","message":"{\"method\":\"GET\",\"url\":\"/user/vendors\",\"status\":\"304\",\"responseTime\":\"79.245\"}","timestamp":"2024-10-20T15:11:06.514Z"}
{"level":"info","message":"{\"method\":\"GET\",\"url\":\"/user/vendors\",\"status\":\"304\",\"responseTime\":\"93.218\"}","timestamp":"2024-10-20T15:11:20.202Z"}
{"level":"info","message":"{\"method\":\"GET\",\"url\":\"/user/vendors\",\"status\":\"304\",\"responseTime\":\"71.864\"}","timestamp":"2024-10-20T15:11:20.277Z"}
{"level":"info","message":"{\"method\":\"GET\",\"url\":\"/user/vendors\",\"status\":\"304\",\"responseTime\":\"123.800\"}","timestamp":"2024-10-20T15:11:20.402Z"}
{"level":"info","message":"{\"method\":\"GET\",\"url\":\"/user/vendors\",\"status\":\"304\",\"responseTime\":\"89.796\"}","timestamp":"2024-10-20T15:11:20.510Z"}
{"level":"info","message":"{\"method\":\"GET\",\"url\":\"/user/vendors\",\"status\":\"304\",\"responseTime\":\"81.247\"}","timestamp":"2024-10-20T15:11:21.246Z"}
{"level":"info","message":"{\"method\":\"GET\",\"url\":\"/user/vendors\",\"status\":\"304\",\"responseTime\":\"92.316\"}","timestamp":"2024-10-20T15:11:31.257Z"}
{"level":"info","message":"{\"method\":\"GET\",\"url\":\"/user/vendors\",\"status\":\"304\",\"responseTime\":\"82.166\"}","timestamp":"2024-10-20T15:11:31.341Z"}
{"level":"info","message":"{\"method\":\"GET\",\"url\":\"/user/vendors\",\"status\":\"304\",\"responseTime\":\"87.224\"}","timestamp":"2024-10-20T15:11:31.446Z"}
{"level":"info","message":"{\"method\":\"GET\",\"url\":\"/user/vendors\",\"status\":\"304\",\"responseTime\":\"83.266\"}","timestamp":"2024-10-20T15:11:31.531Z"}
{"level":"info","message":"{\"method\":\"GET\",\"url\":\"/user/vendors\",\"status\":\"304\",\"responseTime\":\"105.612\"}","timestamp":"2024-10-20T15:11:32.273Z"}
{"level":"info","message":"{\"method\":\"GET\",\"url\":\"/user/searchUsers?term=peace\",\"status\":\"200\",\"responseTime\":\"84.649\"}","timestamp":"2024-10-20T15:11:50.787Z"}
{"level":"info","message":"{\"method\":\"GET\",\"url\":\"/user/vendors\",\"status\":\"200\",\"responseTime\":\"113.338\"}","timestamp":"2024-10-20T15:20:36.858Z"}
{"level":"info","message":"{\"method\":\"GET\",\"url\":\"/user/vendors\",\"status\":\"200\",\"responseTime\":\"114.294\"}","timestamp":"2024-10-20T15:20:36.940Z"}
{"level":"info","message":"{\"method\":\"GET\",\"url\":\"/user/vendors\",\"status\":\"200\",\"responseTime\":\"98.349\"}","timestamp":"2024-10-20T15:20:37.086Z"}
{"level":"info","message":"{\"method\":\"GET\",\"url\":\"/user/vendors\",\"status\":\"200\",\"responseTime\":\"853.772\"}","timestamp":"2024-10-20T15:20:37.675Z"}
{"level":"info","message":"{\"method\":\"GET\",\"url\":\"/user/vendors\",\"status\":\"200\",\"responseTime\":\"913.053\"}","timestamp":"2024-10-20T15:20:37.680Z"}
{"level":"info","message":"{\"method\":\"GET\",\"url\":\"/user/searchUsers?term=pea\",\"status\":\"304\",\"responseTime\":\"106.489\"}","timestamp":"2024-10-20T15:20:45.620Z"}
{"level":"info","message":"{\"method\":\"GET\",\"url\":\"/user/vendors\",\"status\":\"304\",\"responseTime\":\"175.663\"}","timestamp":"2024-10-20T15:20:48.598Z"}
{"level":"info","message":"{\"method\":\"GET\",\"url\":\"/user/searchUsers?term=dia\",\"status\":\"200\",\"responseTime\":\"94.188\"}","timestamp":"2024-10-20T15:20:52.380Z"}
{"level":"info","message":"{\"method\":\"GET\",\"url\":\"/user/vendors\",\"status\":\"304\",\"responseTime\":\"97.750\"}","timestamp":"2024-10-20T15:20:53.638Z"}
{"level":"info","message":"{\"method\":\"GET\",\"url\":\"/user/searchUsers?term=ax\",\"status\":\"200\",\"responseTime\":\"94.925\"}","timestamp":"2024-10-20T15:21:42.825Z"}
{"level":"info","message":"{\"method\":\"GET\",\"url\":\"/user/vendors\",\"status\":\"304\",\"responseTime\":\"70.843\"}","timestamp":"2024-10-20T15:21:42.903Z"}
{"level":"info","message":"{\"method\":\"GET\",\"url\":\"/user/vendors\",\"status\":\"304\",\"responseTime\":\"76.333\"}","timestamp":"2024-10-20T15:21:44.244Z"}
{"level":"info","message":"{\"method\":\"GET\",\"url\":\"/user/searchUsers?term=ss\",\"status\":\"200\",\"responseTime\":\"143.002\"}","timestamp":"2024-10-20T15:24:42.570Z"}
{"level":"info","message":"{\"method\":\"GET\",\"url\":\"/user/vendors\",\"status\":\"200\",\"responseTime\":\"77.636\"}","timestamp":"2024-10-20T15:24:42.660Z"}
{"level":"info","message":"{\"method\":\"GET\",\"url\":\"/user/searchUsers?term=ssssssssssssssssssssssssssssssssssssssssssssssssssssssssssssssssssssssssssssssssssssssssssssssssss\",\"status\":\"200\",\"responseTime\":\"97.796\"}","timestamp":"2024-10-20T15:24:45.844Z"}
{"level":"info","message":"{\"method\":\"GET\",\"url\":\"/user/vendors\",\"status\":\"200\",\"responseTime\":\"116.343\"}","timestamp":"2024-10-20T15:24:45.970Z"}
{"level":"info","message":"{\"method\":\"GET\",\"url\":\"/user/vendors\",\"status\":\"200\",\"responseTime\":\"102.177\"}","timestamp":"2024-10-20T15:25:54.147Z"}
{"level":"info","message":"{\"method\":\"GET\",\"url\":\"/user/vendors\",\"status\":\"200\",\"responseTime\":\"109.889\"}","timestamp":"2024-10-20T15:25:54.161Z"}
{"level":"info","message":"{\"method\":\"GET\",\"url\":\"/user/vendors\",\"status\":\"200\",\"responseTime\":\"114.893\"}","timestamp":"2024-10-20T15:25:54.169Z"}
{"level":"info","message":"{\"method\":\"GET\",\"url\":\"/user/searchUsers?term=sx\",\"status\":\"200\",\"responseTime\":\"115.443\"}","timestamp":"2024-10-20T15:25:55.063Z"}
{"level":"info","message":"{\"method\":\"GET\",\"url\":\"/user/vendors\",\"status\":\"200\",\"responseTime\":\"1075.799\"}","timestamp":"2024-10-20T15:25:55.133Z"}
{"level":"info","message":"{\"method\":\"GET\",\"url\":\"/user/vendors\",\"status\":\"200\",\"responseTime\":\"78.813\"}","timestamp":"2024-10-20T15:25:55.187Z"}
{"level":"info","message":"{\"method\":\"GET\",\"url\":\"/user/searchUsers?term=s\",\"status\":\"200\",\"responseTime\":\"104.832\"}","timestamp":"2024-10-20T15:25:55.679Z"}
{"level":"info","message":"{\"method\":\"GET\",\"url\":\"/user/searchUsers?term=sejs\",\"status\":\"200\",\"responseTime\":\"105.183\"}","timestamp":"2024-10-20T15:25:57.747Z"}
{"level":"info","message":"{\"method\":\"GET\",\"url\":\"/user/vendors\",\"status\":\"200\",\"responseTime\":\"96.994\"}","timestamp":"2024-10-20T15:25:57.853Z"}
{"level":"info","message":"{\"method\":\"GET\",\"url\":\"/user/vendors\",\"status\":\"200\",\"responseTime\":\"113.957\"}","timestamp":"2024-10-20T15:25:58.354Z"}
{"level":"info","message":"{\"method\":\"GET\",\"url\":\"/user/searchUsers?term=edededeededed\",\"status\":\"200\",\"responseTime\":\"103.553\"}","timestamp":"2024-10-20T15:26:00.368Z"}
{"level":"info","message":"{\"method\":\"GET\",\"url\":\"/user/vendors\",\"status\":\"200\",\"responseTime\":\"88.660\"}","timestamp":"2024-10-20T15:26:00.466Z"}
{"level":"info","message":"{\"method\":\"GET\",\"url\":\"/user/searchUsers?term=edededeedededs\",\"status\":\"200\",\"responseTime\":\"83.362\"}","timestamp":"2024-10-20T15:26:51.206Z"}
{"level":"info","message":"{\"method\":\"GET\",\"url\":\"/user/vendors\",\"status\":\"200\",\"responseTime\":\"108.523\"}","timestamp":"2024-10-20T15:26:51.324Z"}
{"level":"info","message":"{\"method\":\"GET\",\"url\":\"/user/searchUsers?term=edededeededed\",\"status\":\"200\",\"responseTime\":\"104.776\"}","timestamp":"2024-10-20T15:26:51.763Z"}
{"level":"info","message":"{\"method\":\"GET\",\"url\":\"/user/vendors\",\"status\":\"200\",\"responseTime\":\"82.478\"}","timestamp":"2024-10-20T15:26:51.856Z"}
{"level":"info","message":"{\"method\":\"GET\",\"url\":\"/user/vendors\",\"status\":\"200\",\"responseTime\":\"99.764\"}","timestamp":"2024-10-20T15:26:52.615Z"}
{"level":"info","message":"{\"method\":\"GET\",\"url\":\"/user/searchUsers?term=pea\",\"status\":\"200\",\"responseTime\":\"100.253\"}","timestamp":"2024-10-20T15:26:54.140Z"}
{"level":"info","message":"{\"method\":\"GET\",\"url\":\"/user/vendors\",\"status\":\"200\",\"responseTime\":\"106.257\"}","timestamp":"2024-10-20T15:26:55.539Z"}
{"level":"info","message":"{\"method\":\"GET\",\"url\":\"/user/vendors\",\"status\":\"304\",\"responseTime\":\"113.461\"}","timestamp":"2024-10-20T15:27:04.369Z"}
{"level":"info","message":"{\"method\":\"GET\",\"url\":\"/user/vendors\",\"status\":\"304\",\"responseTime\":\"113.592\"}","timestamp":"2024-10-20T15:27:04.485Z"}
{"level":"info","message":"{\"method\":\"GET\",\"url\":\"/user/vendors\",\"status\":\"304\",\"responseTime\":\"98.863\"}","timestamp":"2024-10-20T15:27:14.738Z"}
{"level":"info","message":"{\"method\":\"GET\",\"url\":\"/user/vendors\",\"status\":\"304\",\"responseTime\":\"102.660\"}","timestamp":"2024-10-20T15:27:14.843Z"}
{"level":"info","message":"{\"method\":\"GET\",\"url\":\"/user/vendors\",\"status\":\"304\",\"responseTime\":\"127.935\"}","timestamp":"2024-10-20T15:27:20.471Z"}
{"level":"info","message":"{\"method\":\"GET\",\"url\":\"/user/vendors\",\"status\":\"304\",\"responseTime\":\"202.758\"}","timestamp":"2024-10-20T15:27:20.675Z"}
{"level":"info","message":"{\"method\":\"GET\",\"url\":\"/user/vendors\",\"status\":\"304\",\"responseTime\":\"146.182\"}","timestamp":"2024-10-20T16:24:21.953Z"}
{"level":"info","message":"{\"method\":\"GET\",\"url\":\"/user/vendors\",\"status\":\"304\",\"responseTime\":\"109.098\"}","timestamp":"2024-10-20T16:24:22.091Z"}
{"level":"info","message":"{\"method\":\"GET\",\"url\":\"/user/vendors\",\"status\":\"304\",\"responseTime\":\"105.208\"}","timestamp":"2024-10-20T16:25:03.937Z"}
{"level":"info","message":"{\"method\":\"GET\",\"url\":\"/user/vendors\",\"status\":\"304\",\"responseTime\":\"105.939\"}","timestamp":"2024-10-20T16:25:04.045Z"}
{"level":"info","message":"{\"method\":\"POST\",\"url\":\"/user/login\",\"status\":\"400\",\"responseTime\":\"343.645\"}","timestamp":"2024-10-20T16:30:02.411Z"}
{"level":"info","message":"{\"method\":\"POST\",\"url\":\"/user/login\",\"status\":\"200\",\"responseTime\":\"458.630\"}","timestamp":"2024-10-20T16:30:10.106Z"}
{"level":"info","message":"{\"method\":\"GET\",\"url\":\"/user/vendors\",\"status\":\"304\",\"responseTime\":\"108.456\"}","timestamp":"2024-10-20T16:30:12.231Z"}
{"level":"info","message":"{\"method\":\"GET\",\"url\":\"/user/vendors\",\"status\":\"304\",\"responseTime\":\"104.239\"}","timestamp":"2024-10-20T16:30:12.339Z"}
{"level":"info","message":"{\"method\":\"GET\",\"url\":\"/user/vendors\",\"status\":\"304\",\"responseTime\":\"133.294\"}","timestamp":"2024-10-20T16:30:16.329Z"}
{"level":"info","message":"{\"method\":\"GET\",\"url\":\"/user/vendors\",\"status\":\"304\",\"responseTime\":\"131.412\"}","timestamp":"2024-10-20T16:30:16.464Z"}
{"level":"info","message":"{\"method\":\"GET\",\"url\":\"/user/vendors\",\"status\":\"304\",\"responseTime\":\"120.817\"}","timestamp":"2024-10-20T16:30:16.587Z"}
{"level":"info","message":"{\"method\":\"GET\",\"url\":\"/user/vendors\",\"status\":\"304\",\"responseTime\":\"106.168\"}","timestamp":"2024-10-20T16:30:16.696Z"}
{"level":"info","message":"{\"method\":\"GET\",\"url\":\"/user/vendors\",\"status\":\"304\",\"responseTime\":\"112.617\"}","timestamp":"2024-10-20T16:30:16.810Z"}
{"level":"info","message":"{\"method\":\"GET\",\"url\":\"/user/fetchReview?vendorId=66e3f158ebbcf3a47b4e768e&userId=67139b1ad55621cefa12d681\",\"status\":\"304\",\"responseTime\":\"260.260\"}","timestamp":"2024-10-20T16:30:51.725Z"}
{"level":"info","message":"{\"method\":\"GET\",\"url\":\"/user/fetchVendorDetails?vendorId=66e3f158ebbcf3a47b4e768e&userId=67139b1ad55621cefa12d681\",\"status\":\"200\",\"responseTime\":\"299.784\"}","timestamp":"2024-10-20T16:30:51.759Z"}
{"level":"info","message":"{\"method\":\"GET\",\"url\":\"/chat/message/67139bc1d55621cefa12d695\",\"status\":\"200\",\"responseTime\":\"709.261\"}","timestamp":"2024-10-20T16:31:05.436Z"}
{"level":"info","message":"{\"method\":\"GET\",\"url\":\"/chat/message/67139bc1d55621cefa12d695\",\"status\":\"200\",\"responseTime\":\"463.098\"}","timestamp":"2024-10-20T16:31:05.904Z"}
{"level":"info","message":"{\"method\":\"POST\",\"url\":\"/chat/savechat\",\"status\":\"200\",\"responseTime\":\"401.860\"}","timestamp":"2024-10-20T16:31:07.950Z"}
{"level":"info","message":"{\"method\":\"POST\",\"url\":\"/chat/savechat\",\"status\":\"200\",\"responseTime\":\"366.898\"}","timestamp":"2024-10-20T16:31:10.665Z"}
{"level":"info","message":"{\"method\":\"GET\",\"url\":\"/user/fetchVendorDetails?vendorId=66e3f158ebbcf3a47b4e768e&userId=67139b1ad55621cefa12d681\",\"status\":\"304\",\"responseTime\":\"142.880\"}","timestamp":"2024-10-20T16:31:15.280Z"}
{"level":"info","message":"{\"method\":\"GET\",\"url\":\"/user/fetchReview?vendorId=66e3f158ebbcf3a47b4e768e&userId=67139b1ad55621cefa12d681\",\"status\":\"304\",\"responseTime\":\"194.176\"}","timestamp":"2024-10-20T16:31:15.329Z"}
{"level":"info","message":"{\"method\":\"GET\",\"url\":\"/user/fetchFoodDetails/66e3f158ebbcf3a47b4e768e\",\"status\":\"304\",\"responseTime\":\"154.442\"}","timestamp":"2024-10-20T16:31:53.184Z"}
{"level":"info","message":"{\"method\":\"GET\",\"url\":\"/user/fetchFoodDetails/66e3f158ebbcf3a47b4e768e\",\"status\":\"304\",\"responseTime\":\"115.478\"}","timestamp":"2024-10-20T16:31:53.303Z"}
{"level":"info","message":"{\"method\":\"GET\",\"url\":\"/user/fetchdishes/670280b7fe40a3bcc3e43718\",\"status\":\"200\",\"responseTime\":\"134.214\"}","timestamp":"2024-10-20T16:32:00.798Z"}
{"level":"info","message":"{\"method\":\"GET\",\"url\":\"/user/fetchdishes/670280b7fe40a3bcc3e43718\",\"status\":\"304\",\"responseTime\":\"121.479\"}","timestamp":"2024-10-20T16:32:00.924Z"}
{"level":"info","message":"{\"method\":\"GET\",\"url\":\"/user/fetchAuditoriumDetails/66e3f158ebbcf3a47b4e768e\",\"status\":\"304\",\"responseTime\":\"99.158\"}","timestamp":"2024-10-20T16:32:10.219Z"}
{"level":"info","message":"{\"method\":\"GET\",\"url\":\"/user/fetchAuditoriumDetails/66e3f158ebbcf3a47b4e768e\",\"status\":\"304\",\"responseTime\":\"98.692\"}","timestamp":"2024-10-20T16:32:10.320Z"}
{"level":"info","message":"{\"method\":\"GET\",\"url\":\"/user/fetchauditorium/66f2565c961286353dc1feff\",\"status\":\"200\",\"responseTime\":\"86.347\"}","timestamp":"2024-10-20T16:32:26.956Z"}
{"level":"info","message":"{\"method\":\"GET\",\"url\":\"/user/fetchauditorium/66f2565c961286353dc1feff\",\"status\":\"304\",\"responseTime\":\"98.519\"}","timestamp":"2024-10-20T16:32:27.058Z"}
{"level":"info","message":"{\"method\":\"GET\",\"url\":\"/user/slots/66e3f158ebbcf3a47b4e768e\",\"status\":\"200\",\"responseTime\":\"133.054\"}","timestamp":"2024-10-20T16:32:30.804Z"}
{"level":"info","message":"{\"method\":\"POST\",\"url\":\"/user/payment\",\"status\":\"200\",\"responseTime\":\"103.980\"}","timestamp":"2024-10-20T16:34:51.355Z"}
{"level":"info","message":"{\"method\":\"POST\",\"url\":\"/user/payment\",\"status\":\"200\",\"responseTime\":\"146.353\"}","timestamp":"2024-10-20T16:34:51.361Z"}
{"level":"info","message":"{\"method\":\"POST\",\"url\":\"/user/response/saveData\",\"status\":\"200\",\"responseTime\":\"893.198\"}","timestamp":"2024-10-20T16:35:23.330Z"}
{"level":"info","message":"{\"method\":\"GET\",\"url\":\"/user/fetchBookingDetails/67139b1ad55621cefa12d681\",\"status\":\"200\",\"responseTime\":\"219.217\"}","timestamp":"2024-10-20T16:35:29.704Z"}
{"level":"info","message":"{\"method\":\"GET\",\"url\":\"/user/fetchBookingDetails/67139b1ad55621cefa12d681\",\"status\":\"304\",\"responseTime\":\"179.174\"}","timestamp":"2024-10-20T16:35:29.887Z"}
{"level":"info","message":"{\"method\":\"GET\",\"url\":\"/user/vendors\",\"status\":\"304\",\"responseTime\":\"95.156\"}","timestamp":"2024-10-20T16:35:45.533Z"}
{"level":"info","message":"{\"method\":\"GET\",\"url\":\"/user/vendors\",\"status\":\"304\",\"responseTime\":\"99.178\"}","timestamp":"2024-10-20T16:35:45.634Z"}
{"level":"info","message":"{\"method\":\"GET\",\"url\":\"/user/userunread-count?userId=67139b1ad55621cefa12d681\",\"status\":\"304\",\"responseTime\":\"194.762\"}","timestamp":"2024-10-20T16:35:58.810Z"}
{"level":"info","message":"{\"method\":\"GET\",\"url\":\"/user/fetchBookingDetails/67139b1ad55621cefa12d681\",\"status\":\"304\",\"responseTime\":\"194.920\"}","timestamp":"2024-10-20T16:36:04.208Z"}
{"level":"info","message":"{\"method\":\"GET\",\"url\":\"/user/fetchBookingDetails/67139b1ad55621cefa12d681\",\"status\":\"304\",\"responseTime\":\"206.979\"}","timestamp":"2024-10-20T16:36:04.418Z"}
{"level":"info","message":"{\"method\":\"GET\",\"url\":\"/user/vendors\",\"status\":\"304\",\"responseTime\":\"95.032\"}","timestamp":"2024-10-20T16:36:34.926Z"}
{"level":"info","message":"{\"method\":\"GET\",\"url\":\"/user/vendors\",\"status\":\"304\",\"responseTime\":\"115.945\"}","timestamp":"2024-10-20T16:36:35.045Z"}
{"level":"info","message":"{\"method\":\"GET\",\"url\":\"/user/vendors\",\"status\":\"304\",\"responseTime\":\"272.513\"}","timestamp":"2024-10-20T16:52:09.515Z"}
{"level":"info","message":"{\"method\":\"GET\",\"url\":\"/user/vendors\",\"status\":\"304\",\"responseTime\":\"320.556\"}","timestamp":"2024-10-20T16:52:09.852Z"}
{"level":"info","message":"{\"method\":\"GET\",\"url\":\"/user/vendors\",\"status\":\"304\",\"responseTime\":\"355.589\"}","timestamp":"2024-10-20T16:52:10.212Z"}
{"level":"info","message":"{\"method\":\"GET\",\"url\":\"/user/vendors\",\"status\":\"304\",\"responseTime\":\"291.827\"}","timestamp":"2024-10-20T16:52:10.521Z"}
{"level":"info","message":"{\"method\":\"GET\",\"url\":\"/user/vendors\",\"status\":\"304\",\"responseTime\":\"200.516\"}","timestamp":"2024-10-20T16:52:10.725Z"}
{"level":"info","message":"{\"method\":\"GET\",\"url\":\"/user/vendors\",\"status\":\"304\",\"responseTime\":\"216.980\"}","timestamp":"2024-10-20T17:06:19.214Z"}
{"level":"info","message":"{\"method\":\"GET\",\"url\":\"/user/vendors\",\"status\":\"304\",\"responseTime\":\"115.124\"}","timestamp":"2024-10-20T17:06:19.345Z"}
{"level":"info","message":"{\"method\":\"GET\",\"url\":\"/user/vendors\",\"status\":\"304\",\"responseTime\":\"252.913\"}","timestamp":"2024-10-20T17:06:31.095Z"}
{"level":"info","message":"{\"method\":\"GET\",\"url\":\"/user/vendors\",\"status\":\"304\",\"responseTime\":\"344.162\"}","timestamp":"2024-10-20T17:06:31.445Z"}
{"level":"info","message":"{\"method\":\"GET\",\"url\":\"/user/vendors\",\"status\":\"304\",\"responseTime\":\"131.695\"}","timestamp":"2024-10-20T17:06:33.906Z"}
{"level":"info","message":"{\"method\":\"GET\",\"url\":\"/user/vendors\",\"status\":\"304\",\"responseTime\":\"108.431\"}","timestamp":"2024-10-20T17:06:34.018Z"}
{"level":"info","message":"{\"method\":\"GET\",\"url\":\"/user/vendors\",\"status\":\"304\",\"responseTime\":\"92.087\"}","timestamp":"2024-10-20T17:06:34.113Z"}
{"level":"info","message":"{\"method\":\"GET\",\"url\":\"/user/vendors\",\"status\":\"304\",\"responseTime\":\"96.167\"}","timestamp":"2024-10-20T17:06:34.212Z"}
{"level":"info","message":"{\"method\":\"GET\",\"url\":\"/user/vendors\",\"status\":\"304\",\"responseTime\":\"103.073\"}","timestamp":"2024-10-20T17:06:34.317Z"}
{"level":"info","message":"{\"method\":\"GET\",\"url\":\"/user/vendors\",\"status\":\"304\",\"responseTime\":\"215.097\"}","timestamp":"2024-10-20T17:10:16.739Z"}
{"level":"info","message":"{\"method\":\"GET\",\"url\":\"/user/vendors\",\"status\":\"304\",\"responseTime\":\"71.564\"}","timestamp":"2024-10-20T17:10:16.816Z"}
{"level":"info","message":"{\"method\":\"GET\",\"url\":\"/user/vendors\",\"status\":\"304\",\"responseTime\":\"91.484\"}","timestamp":"2024-10-20T17:10:19.723Z"}
{"level":"info","message":"{\"method\":\"GET\",\"url\":\"/user/vendors\",\"status\":\"304\",\"responseTime\":\"94.828\"}","timestamp":"2024-10-20T17:10:19.822Z"}
{"level":"info","message":"{\"method\":\"GET\",\"url\":\"/user/vendors\",\"status\":\"304\",\"responseTime\":\"79.584\"}","timestamp":"2024-10-20T17:10:19.907Z"}
{"level":"info","message":"{\"method\":\"GET\",\"url\":\"/user/vendors\",\"status\":\"304\",\"responseTime\":\"83.181\"}","timestamp":"2024-10-20T17:10:19.994Z"}
{"level":"info","message":"{\"method\":\"GET\",\"url\":\"/user/vendors\",\"status\":\"304\",\"responseTime\":\"78.236\"}","timestamp":"2024-10-20T17:10:20.075Z"}
{"level":"info","message":"{\"method\":\"GET\",\"url\":\"/user/vendors\",\"status\":\"304\",\"responseTime\":\"327.923\"}","timestamp":"2024-10-20T17:10:28.656Z"}
{"level":"info","message":"{\"method\":\"GET\",\"url\":\"/user/vendors\",\"status\":\"304\",\"responseTime\":\"167.317\"}","timestamp":"2024-10-20T17:10:28.831Z"}
{"level":"info","message":"{\"method\":\"GET\",\"url\":\"/user/vendors\",\"status\":\"304\",\"responseTime\":\"312.834\"}","timestamp":"2024-10-20T17:10:31.304Z"}
{"level":"info","message":"{\"method\":\"GET\",\"url\":\"/user/vendors\",\"status\":\"304\",\"responseTime\":\"189.738\"}","timestamp":"2024-10-20T17:10:31.497Z"}
{"level":"info","message":"{\"method\":\"GET\",\"url\":\"/user/vendors\",\"status\":\"304\",\"responseTime\":\"360.273\"}","timestamp":"2024-10-20T17:10:31.859Z"}
{"level":"info","message":"{\"method\":\"GET\",\"url\":\"/user/vendors\",\"status\":\"304\",\"responseTime\":\"275.534\"}","timestamp":"2024-10-20T17:10:32.138Z"}
{"level":"info","message":"{\"method\":\"GET\",\"url\":\"/user/vendors\",\"status\":\"304\",\"responseTime\":\"136.785\"}","timestamp":"2024-10-20T17:10:32.278Z"}
{"level":"info","message":"{\"method\":\"GET\",\"url\":\"/user/fetchReview?vendorId=66e8ff82cefa89a2e4d838f7&userId=67139b1ad55621cefa12d681\",\"status\":\"200\",\"responseTime\":\"336.358\"}","timestamp":"2024-10-20T17:10:35.959Z"}
{"level":"info","message":"{\"method\":\"GET\",\"url\":\"/user/fetchVendorDetails?vendorId=66e8ff82cefa89a2e4d838f7&userId=67139b1ad55621cefa12d681\",\"status\":\"200\",\"responseTime\":\"988.719\"}","timestamp":"2024-10-20T17:10:36.619Z"}
